{"/Users/yuxinkang/Desktop/Rice/531/hw5-Yuxin1221/homework5/src/App.js": {"path":"/Users/yuxinkang/Desktop/Rice/531/hw5-Yuxin1221/homework5/src/App.js","statementMap":{"0":{"start":{"line":15,"column":8},"end":{"line":33,"column":9}},"1":{"start":{"line":20,"column":16},"end":{"line":20,"column":80}},"2":{"start":{"line":24,"column":16},"end":{"line":24,"column":71}},"3":{"start":{"line":28,"column":13},"end":{"line":28,"column":72}},"4":{"start":{"line":41,"column":8},"end":{"line":45,"column":9}}},"fnMap":{"0":{"name":"(anonymous_0)","decl":{"start":{"line":14,"column":4},"end":{"line":14,"column":5}},"loc":{"start":{"line":14,"column":13},"end":{"line":34,"column":5}},"line":14},"1":{"name":"(anonymous_1)","decl":{"start":{"line":19,"column":46},"end":{"line":19,"column":47}},"loc":{"start":{"line":19,"column":51},"end":{"line":21,"column":15}},"line":19},"2":{"name":"(anonymous_2)","decl":{"start":{"line":23,"column":50},"end":{"line":23,"column":51}},"loc":{"start":{"line":23,"column":55},"end":{"line":25,"column":15}},"line":23},"3":{"name":"(anonymous_3)","decl":{"start":{"line":27,"column":52},"end":{"line":27,"column":53}},"loc":{"start":{"line":27,"column":57},"end":{"line":29,"column":15}},"line":27},"4":{"name":"(anonymous_4)","decl":{"start":{"line":40,"column":4},"end":{"line":40,"column":5}},"loc":{"start":{"line":40,"column":12},"end":{"line":45,"column":10}},"line":40}},"branchMap":{"0":{"loc":{"start":{"line":20,"column":23},"end":{"line":20,"column":80}},"type":"cond-expr","locations":[{"start":{"line":20,"column":44},"end":{"line":20,"column":66}},{"start":{"line":20,"column":69},"end":{"line":20,"column":80}}],"line":20},"1":{"loc":{"start":{"line":24,"column":23},"end":{"line":24,"column":71}},"type":"cond-expr","locations":[{"start":{"line":24,"column":43},"end":{"line":24,"column":50}},{"start":{"line":24,"column":53},"end":{"line":24,"column":71}}],"line":24},"2":{"loc":{"start":{"line":28,"column":20},"end":{"line":28,"column":72}},"type":"cond-expr","locations":[{"start":{"line":28,"column":41},"end":{"line":28,"column":51}},{"start":{"line":28,"column":54},"end":{"line":28,"column":72}}],"line":28}},"s":{"0":6,"1":5,"2":2,"3":0,"4":8},"f":{"0":6,"1":5,"2":2,"3":0,"4":8},"b":{"0":[1,4],"1":[2,0],"2":[0,0]},"_coverageSchema":"1a1c01bbd47fc00a2c39e90264f33305004495a9","hash":"4d26b05525f40009dcad395ee692528642ab5563"}
,"/Users/yuxinkang/Desktop/Rice/531/hw5-Yuxin1221/homework5/src/Fetch.js": {"path":"/Users/yuxinkang/Desktop/Rice/531/hw5-Yuxin1221/homework5/src/Fetch.js","statementMap":{"0":{"start":{"line":2,"column":14},"end":{"line":2,"column":25}},"1":{"start":{"line":3,"column":16},"end":{"line":3,"column":45}},"2":{"start":{"line":4,"column":18},"end":{"line":4,"column":47}},"3":{"start":{"line":6,"column":4},"end":{"line":37,"column":5}},"4":{"start":{"line":7,"column":8},"end":{"line":33,"column":9}},"5":{"start":{"line":7,"column":70},"end":{"line":7,"column":80}},"6":{"start":{"line":9,"column":28},"end":{"line":9,"column":30}},"7":{"start":{"line":10,"column":16},"end":{"line":28,"column":17}},"8":{"start":{"line":10,"column":26},"end":{"line":10,"column":27}},"9":{"start":{"line":11,"column":28},"end":{"line":25,"column":21}},"10":{"start":{"line":27,"column":20},"end":{"line":27,"column":35}},"11":{"start":{"line":30,"column":16},"end":{"line":30,"column":67}},"12":{"start":{"line":31,"column":16},"end":{"line":31,"column":43}},"13":{"start":{"line":36,"column":5},"end":{"line":36,"column":44}},"14":{"start":{"line":42,"column":4},"end":{"line":51,"column":5}},"15":{"start":{"line":44,"column":12},"end":{"line":48,"column":15}},"16":{"start":{"line":44,"column":76},"end":{"line":44,"column":86}},"17":{"start":{"line":46,"column":16},"end":{"line":46,"column":62}},"18":{"start":{"line":46,"column":51},"end":{"line":46,"column":59}},"19":{"start":{"line":47,"column":16},"end":{"line":47,"column":87}},"20":{"start":{"line":47,"column":76},"end":{"line":47,"column":84}},"21":{"start":{"line":50,"column":8},"end":{"line":50,"column":46}}},"fnMap":{"0":{"name":"Fetch","decl":{"start":{"line":1,"column":16},"end":{"line":1,"column":21}},"loc":{"start":{"line":1,"column":34},"end":{"line":52,"column":1}},"line":1},"1":{"name":"(anonymous_1)","decl":{"start":{"line":7,"column":65},"end":{"line":7,"column":66}},"loc":{"start":{"line":7,"column":70},"end":{"line":7,"column":80}},"line":7},"2":{"name":"(anonymous_2)","decl":{"start":{"line":8,"column":12},"end":{"line":8,"column":13}},"loc":{"start":{"line":8,"column":17},"end":{"line":32,"column":13}},"line":8},"3":{"name":"(anonymous_3)","decl":{"start":{"line":44,"column":69},"end":{"line":44,"column":70}},"loc":{"start":{"line":44,"column":76},"end":{"line":44,"column":86}},"line":44},"4":{"name":"(anonymous_4)","decl":{"start":{"line":45,"column":18},"end":{"line":45,"column":19}},"loc":{"start":{"line":45,"column":25},"end":{"line":48,"column":13}},"line":45},"5":{"name":"(anonymous_5)","decl":{"start":{"line":46,"column":44},"end":{"line":46,"column":45}},"loc":{"start":{"line":46,"column":51},"end":{"line":46,"column":59}},"line":46},"6":{"name":"(anonymous_6)","decl":{"start":{"line":47,"column":69},"end":{"line":47,"column":70}},"loc":{"start":{"line":47,"column":76},"end":{"line":47,"column":84}},"line":47}},"branchMap":{"0":{"loc":{"start":{"line":6,"column":4},"end":{"line":37,"column":5}},"type":"if","locations":[{"start":{"line":6,"column":4},"end":{"line":37,"column":5}},{"start":{"line":35,"column":8},"end":{"line":37,"column":5}}],"line":6},"1":{"loc":{"start":{"line":42,"column":4},"end":{"line":51,"column":5}},"type":"if","locations":[{"start":{"line":42,"column":4},"end":{"line":51,"column":5}},{"start":{"line":49,"column":11},"end":{"line":51,"column":5}}],"line":42}},"s":{"0":6,"1":6,"2":6,"3":6,"4":6,"5":0,"6":0,"7":0,"8":0,"9":0,"10":0,"11":0,"12":0,"13":0,"14":6,"15":6,"16":0,"17":0,"18":0,"19":0,"20":0,"21":0},"f":{"0":6,"1":0,"2":0,"3":0,"4":0,"5":0,"6":0},"b":{"0":[6,0],"1":[6,0]},"_coverageSchema":"1a1c01bbd47fc00a2c39e90264f33305004495a9","hash":"58842c4977f570b8f56f8cc4d038710047d9a93e"}
,"/Users/yuxinkang/Desktop/Rice/531/hw5-Yuxin1221/homework5/src/actions.js": {"path":"/Users/yuxinkang/Desktop/Rice/531/hw5-Yuxin1221/homework5/src/actions.js","statementMap":{"0":{"start":{"line":1,"column":25},"end":{"line":1,"column":38}},"1":{"start":{"line":2,"column":31},"end":{"line":2,"column":50}},"2":{"start":{"line":3,"column":28},"end":{"line":3,"column":44}},"3":{"start":{"line":4,"column":23},"end":{"line":4,"column":34}},"4":{"start":{"line":5,"column":26},"end":{"line":5,"column":40}},"5":{"start":{"line":6,"column":22},"end":{"line":6,"column":32}},"6":{"start":{"line":8,"column":30},"end":{"line":8,"column":48}},"7":{"start":{"line":9,"column":27},"end":{"line":9,"column":42}},"8":{"start":{"line":10,"column":30},"end":{"line":10,"column":48}},"9":{"start":{"line":12,"column":25},"end":{"line":12,"column":38}},"10":{"start":{"line":13,"column":22},"end":{"line":13,"column":32}},"11":{"start":{"line":14,"column":22},"end":{"line":14,"column":32}},"12":{"start":{"line":16,"column":30},"end":{"line":16,"column":47}},"13":{"start":{"line":19,"column":4},"end":{"line":19,"column":29}},"14":{"start":{"line":22,"column":4},"end":{"line":22,"column":35}},"15":{"start":{"line":25,"column":4},"end":{"line":25,"column":32}},"16":{"start":{"line":28,"column":4},"end":{"line":28,"column":32}},"17":{"start":{"line":31,"column":4},"end":{"line":31,"column":34}},"18":{"start":{"line":34,"column":4},"end":{"line":34,"column":30}},"19":{"start":{"line":38,"column":4},"end":{"line":38,"column":39}},"20":{"start":{"line":42,"column":4},"end":{"line":42,"column":45}},"21":{"start":{"line":46,"column":4},"end":{"line":46,"column":35}},"22":{"start":{"line":51,"column":5},"end":{"line":51,"column":35}},"23":{"start":{"line":54,"column":4},"end":{"line":54,"column":31}},"24":{"start":{"line":57,"column":4},"end":{"line":57,"column":32}},"25":{"start":{"line":61,"column":1},"end":{"line":61,"column":40}}},"fnMap":{"0":{"name":"changepage","decl":{"start":{"line":18,"column":16},"end":{"line":18,"column":26}},"loc":{"start":{"line":18,"column":28},"end":{"line":20,"column":1}},"line":18},"1":{"name":"changetoprofile","decl":{"start":{"line":21,"column":16},"end":{"line":21,"column":31}},"loc":{"start":{"line":21,"column":33},"end":{"line":23,"column":1}},"line":21},"2":{"name":"changetomain","decl":{"start":{"line":24,"column":16},"end":{"line":24,"column":28}},"loc":{"start":{"line":24,"column":30},"end":{"line":26,"column":1}},"line":24},"3":{"name":"getUsers","decl":{"start":{"line":27,"column":16},"end":{"line":27,"column":24}},"loc":{"start":{"line":27,"column":31},"end":{"line":29,"column":1}},"line":27},"4":{"name":"updateusers","decl":{"start":{"line":30,"column":16},"end":{"line":30,"column":27}},"loc":{"start":{"line":30,"column":33},"end":{"line":32,"column":1}},"line":30},"5":{"name":"newuser","decl":{"start":{"line":33,"column":16},"end":{"line":33,"column":23}},"loc":{"start":{"line":33,"column":29},"end":{"line":35,"column":1}},"line":33},"6":{"name":"updatefollowers","decl":{"start":{"line":37,"column":16},"end":{"line":37,"column":31}},"loc":{"start":{"line":37,"column":38},"end":{"line":39,"column":1}},"line":37},"7":{"name":"deletefollowers","decl":{"start":{"line":41,"column":16},"end":{"line":41,"column":31}},"loc":{"start":{"line":41,"column":44},"end":{"line":43,"column":1}},"line":41},"8":{"name":"addfollowers","decl":{"start":{"line":45,"column":16},"end":{"line":45,"column":28}},"loc":{"start":{"line":45,"column":34},"end":{"line":47,"column":1}},"line":45},"9":{"name":"updatepost","decl":{"start":{"line":50,"column":16},"end":{"line":50,"column":26}},"loc":{"start":{"line":50,"column":32},"end":{"line":52,"column":1}},"line":50},"10":{"name":"addpost","decl":{"start":{"line":53,"column":16},"end":{"line":53,"column":23}},"loc":{"start":{"line":53,"column":29},"end":{"line":55,"column":1}},"line":53},"11":{"name":"getpost","decl":{"start":{"line":56,"column":16},"end":{"line":56,"column":23}},"loc":{"start":{"line":56,"column":30},"end":{"line":58,"column":1}},"line":56},"12":{"name":"changeheadline","decl":{"start":{"line":60,"column":16},"end":{"line":60,"column":30}},"loc":{"start":{"line":60,"column":40},"end":{"line":62,"column":1}},"line":60}},"branchMap":{},"s":{"0":14,"1":14,"2":14,"3":14,"4":14,"5":14,"6":14,"7":14,"8":14,"9":14,"10":14,"11":14,"12":14,"13":9,"14":0,"15":0,"16":14,"17":20,"18":1,"19":5,"20":2,"21":3,"22":3,"23":12,"24":2,"25":1},"f":{"0":9,"1":0,"2":0,"3":14,"4":20,"5":1,"6":5,"7":2,"8":3,"9":3,"10":12,"11":2,"12":1},"b":{},"_coverageSchema":"1a1c01bbd47fc00a2c39e90264f33305004495a9","hash":"5275f9c02e30e7baecb774fac39491a625c4f963"}
,"/Users/yuxinkang/Desktop/Rice/531/hw5-Yuxin1221/homework5/src/index.js": {"path":"/Users/yuxinkang/Desktop/Rice/531/hw5-Yuxin1221/homework5/src/index.js","statementMap":{"0":{"start":{"line":15,"column":15},"end":{"line":15,"column":29}},"1":{"start":{"line":16,"column":14},"end":{"line":16,"column":59}},"2":{"start":{"line":17,"column":0},"end":{"line":22,"column":1}}},"fnMap":{},"branchMap":{},"s":{"0":0,"1":0,"2":0},"f":{},"b":{}}
,"/Users/yuxinkang/Desktop/Rice/531/hw5-Yuxin1221/homework5/src/reducers.js": {"path":"/Users/yuxinkang/Desktop/Rice/531/hw5-Yuxin1221/homework5/src/reducers.js","statementMap":{"0":{"start":{"line":8,"column":20},"end":{"line":16,"column":1}},"1":{"start":{"line":21,"column":4},"end":{"line":21,"column":70}},"2":{"start":{"line":22,"column":4},"end":{"line":22,"column":79}},"3":{"start":{"line":25,"column":15},"end":{"line":74,"column":1}},"4":{"start":{"line":26,"column":1},"end":{"line":73,"column":2}},"5":{"start":{"line":30,"column":12},"end":{"line":30,"column":59}},"6":{"start":{"line":32,"column":3},"end":{"line":32,"column":44}},"7":{"start":{"line":34,"column":3},"end":{"line":34,"column":80}},"8":{"start":{"line":36,"column":3},"end":{"line":36,"column":83}},"9":{"start":{"line":37,"column":3},"end":{"line":37,"column":64}},"10":{"start":{"line":39,"column":3},"end":{"line":39,"column":48}},"11":{"start":{"line":41,"column":14},"end":{"line":41,"column":89}},"12":{"start":{"line":41,"column":44},"end":{"line":41,"column":88}},"13":{"start":{"line":42,"column":12},"end":{"line":45,"column":36}},"14":{"start":{"line":43,"column":16},"end":{"line":43,"column":81}},"15":{"start":{"line":45,"column":16},"end":{"line":45,"column":36}},"16":{"start":{"line":48,"column":3},"end":{"line":49,"column":92}},"17":{"start":{"line":48,"column":68},"end":{"line":48,"column":106}},"18":{"start":{"line":49,"column":52},"end":{"line":49,"column":90}},"19":{"start":{"line":52,"column":3},"end":{"line":52,"column":44}},"20":{"start":{"line":54,"column":3},"end":{"line":54,"column":27}},"21":{"start":{"line":55,"column":3},"end":{"line":55,"column":75}},"22":{"start":{"line":57,"column":3},"end":{"line":57,"column":47}},"23":{"start":{"line":59,"column":21},"end":{"line":59,"column":38}},"24":{"start":{"line":60,"column":27},"end":{"line":60,"column":41}},"25":{"start":{"line":61,"column":12},"end":{"line":61,"column":50}},"26":{"start":{"line":62,"column":12},"end":{"line":67,"column":13}},"27":{"start":{"line":62,"column":23},"end":{"line":62,"column":24}},"28":{"start":{"line":63,"column":16},"end":{"line":66,"column":17}},"29":{"start":{"line":64,"column":20},"end":{"line":64,"column":46}},"30":{"start":{"line":65,"column":20},"end":{"line":65,"column":26}},"31":{"start":{"line":68,"column":12},"end":{"line":68,"column":36}},"32":{"start":{"line":69,"column":3},"end":{"line":69,"column":63}},"33":{"start":{"line":71,"column":3},"end":{"line":71,"column":18}}},"fnMap":{"0":{"name":"Changeheadline","decl":{"start":{"line":20,"column":9},"end":{"line":20,"column":23}},"loc":{"start":{"line":20,"column":31},"end":{"line":23,"column":1}},"line":20},"1":{"name":"(anonymous_1)","decl":{"start":{"line":25,"column":15},"end":{"line":25,"column":16}},"loc":{"start":{"line":25,"column":48},"end":{"line":74,"column":1}},"line":25},"2":{"name":"(anonymous_2)","decl":{"start":{"line":41,"column":36},"end":{"line":41,"column":37}},"loc":{"start":{"line":41,"column":44},"end":{"line":41,"column":88}},"line":41},"3":{"name":"(anonymous_3)","decl":{"start":{"line":48,"column":61},"end":{"line":48,"column":62}},"loc":{"start":{"line":48,"column":68},"end":{"line":48,"column":106}},"line":48},"4":{"name":"(anonymous_4)","decl":{"start":{"line":49,"column":45},"end":{"line":49,"column":46}},"loc":{"start":{"line":49,"column":52},"end":{"line":49,"column":90}},"line":49}},"branchMap":{"0":{"loc":{"start":{"line":25,"column":16},"end":{"line":25,"column":38}},"type":"default-arg","locations":[{"start":{"line":25,"column":25},"end":{"line":25,"column":38}}],"line":25},"1":{"loc":{"start":{"line":26,"column":1},"end":{"line":73,"column":2}},"type":"switch","locations":[{"start":{"line":29,"column":5},"end":{"line":30,"column":59}},{"start":{"line":31,"column":2},"end":{"line":32,"column":44}},{"start":{"line":33,"column":2},"end":{"line":34,"column":80}},{"start":{"line":35,"column":2},"end":{"line":37,"column":64}},{"start":{"line":38,"column":2},"end":{"line":39,"column":48}},{"start":{"line":40,"column":2},"end":{"line":45,"column":36}},{"start":{"line":47,"column":2},"end":{"line":49,"column":92}},{"start":{"line":51,"column":2},"end":{"line":52,"column":44}},{"start":{"line":53,"column":2},"end":{"line":55,"column":75}},{"start":{"line":56,"column":2},"end":{"line":57,"column":47}},{"start":{"line":58,"column":2},"end":{"line":69,"column":63}},{"start":{"line":70,"column":2},"end":{"line":71,"column":18}}],"line":26},"2":{"loc":{"start":{"line":42,"column":12},"end":{"line":45,"column":36}},"type":"if","locations":[{"start":{"line":42,"column":12},"end":{"line":45,"column":36}},{"start":{"line":45,"column":16},"end":{"line":45,"column":36}}],"line":42},"3":{"loc":{"start":{"line":63,"column":16},"end":{"line":66,"column":17}},"type":"if","locations":[{"start":{"line":63,"column":16},"end":{"line":66,"column":17}},{"start":{},"end":{}}],"line":63}},"s":{"0":14,"1":1,"2":1,"3":14,"4":96,"5":9,"6":14,"7":20,"8":1,"9":1,"10":5,"11":3,"12":13,"13":3,"14":3,"15":0,"16":2,"17":2,"18":12,"19":2,"20":12,"21":12,"22":3,"23":1,"24":1,"25":1,"26":1,"27":1,"28":1,"29":1,"30":1,"31":1,"32":1,"33":24},"f":{"0":1,"1":96,"2":13,"3":2,"4":12},"b":{"0":[45],"1":[9,14,20,1,5,3,2,2,12,3,1,24],"2":[3,0],"3":[1,0]},"_coverageSchema":"1a1c01bbd47fc00a2c39e90264f33305004495a9","hash":"52beab2767d1ad2976468fa4274868b36fc51c9c"}
,"/Users/yuxinkang/Desktop/Rice/531/hw5-Yuxin1221/homework5/src/components/article/Article.js": {"path":"/Users/yuxinkang/Desktop/Rice/531/hw5-Yuxin1221/homework5/src/components/article/Article.js","statementMap":{"0":{"start":{"line":5,"column":4},"end":{"line":12,"column":5}}},"fnMap":{"0":{"name":"article","decl":{"start":{"line":4,"column":24},"end":{"line":4,"column":31}},"loc":{"start":{"line":4,"column":34},"end":{"line":13,"column":1}},"line":4}},"branchMap":{},"s":{"0":4},"f":{"0":4},"b":{},"_coverageSchema":"1a1c01bbd47fc00a2c39e90264f33305004495a9","hash":"6f1ad89c8dc8b3dad4f0a9b3b639c3804a59a21e"}
,"/Users/yuxinkang/Desktop/Rice/531/hw5-Yuxin1221/homework5/src/components/article/Articlebody.js": {"path":"/Users/yuxinkang/Desktop/Rice/531/hw5-Yuxin1221/homework5/src/components/article/Articlebody.js","statementMap":{"0":{"start":{"line":5,"column":21},"end":{"line":5,"column":56}},"1":{"start":{"line":6,"column":17},"end":{"line":6,"column":38}},"2":{"start":{"line":9,"column":10},"end":{"line":11,"column":6}},"3":{"start":{"line":13,"column":8},"end":{"line":57,"column":9}},"4":{"start":{"line":14,"column":30},"end":{"line":14,"column":32}},"5":{"start":{"line":15,"column":24},"end":{"line":15,"column":44}},"6":{"start":{"line":16,"column":12},"end":{"line":23,"column":13}},"7":{"start":{"line":17,"column":16},"end":{"line":17,"column":41}},"8":{"start":{"line":18,"column":32},"end":{"line":18,"column":60}},"9":{"start":{"line":19,"column":16},"end":{"line":22,"column":18}},"10":{"start":{"line":20,"column":33},"end":{"line":20,"column":77}},"11":{"start":{"line":20,"column":55},"end":{"line":20,"column":76}},"12":{"start":{"line":21,"column":20},"end":{"line":21,"column":45}},"13":{"start":{"line":26,"column":26},"end":{"line":26,"column":36}},"14":{"start":{"line":27,"column":20},"end":{"line":27,"column":56}},"15":{"start":{"line":28,"column":22},"end":{"line":28,"column":23}},"16":{"start":{"line":29,"column":12},"end":{"line":53,"column":13}},"17":{"start":{"line":29,"column":23},"end":{"line":29,"column":24}},"18":{"start":{"line":30,"column":24},"end":{"line":30,"column":55}},"19":{"start":{"line":31,"column":16},"end":{"line":31,"column":57}},"20":{"start":{"line":32,"column":16},"end":{"line":32,"column":25}},"21":{"start":{"line":33,"column":26},"end":{"line":40,"column":17}},"22":{"start":{"line":41,"column":16},"end":{"line":41,"column":38}},"23":{"start":{"line":42,"column":16},"end":{"line":52,"column":17}},"24":{"start":{"line":42,"column":27},"end":{"line":42,"column":28}},"25":{"start":{"line":43,"column":20},"end":{"line":43,"column":61}},"26":{"start":{"line":43,"column":62},"end":{"line":43,"column":71}},"27":{"start":{"line":43,"column":72},"end":{"line":43,"column":108}},"28":{"start":{"line":44,"column":20},"end":{"line":51,"column":22}},"29":{"start":{"line":54,"column":12},"end":{"line":54,"column":47}},"30":{"start":{"line":62,"column":8},"end":{"line":64,"column":9}},"31":{"start":{"line":63,"column":12},"end":{"line":63,"column":23}},"32":{"start":{"line":65,"column":8},"end":{"line":70,"column":9}},"33":{"start":{"line":66,"column":12},"end":{"line":66,"column":23}},"34":{"start":{"line":69,"column":12},"end":{"line":69,"column":24}},"35":{"start":{"line":76,"column":14},"end":{"line":78,"column":6}},"36":{"start":{"line":77,"column":9},"end":{"line":77,"column":51}},"37":{"start":{"line":81,"column":8},"end":{"line":118,"column":9}},"38":{"start":{"line":84,"column":78},"end":{"line":84,"column":89}},"39":{"start":{"line":89,"column":31},"end":{"line":89,"column":64}},"40":{"start":{"line":90,"column":36},"end":{"line":90,"column":38}},"41":{"start":{"line":91,"column":24},"end":{"line":94,"column":21}},"42":{"start":{"line":91,"column":37},"end":{"line":91,"column":38}},"43":{"start":{"line":92,"column":36},"end":{"line":92,"column":90}},"44":{"start":{"line":93,"column":26},"end":{"line":93,"column":134}},"45":{"start":{"line":96,"column":20},"end":{"line":97,"column":35}},"46":{"start":{"line":97,"column":24},"end":{"line":97,"column":35}},"47":{"start":{"line":98,"column":20},"end":{"line":111,"column":27}},"48":{"start":{"line":127,"column":8},"end":{"line":133,"column":9}},"49":{"start":{"line":136,"column":8},"end":{"line":139,"column":9}},"50":{"start":{"line":137,"column":27},"end":{"line":137,"column":51}},"51":{"start":{"line":138,"column":30},"end":{"line":138,"column":56}}},"fnMap":{"0":{"name":"(anonymous_0)","decl":{"start":{"line":12,"column":4},"end":{"line":12,"column":5}},"loc":{"start":{"line":12,"column":23},"end":{"line":58,"column":5}},"line":12},"1":{"name":"(anonymous_1)","decl":{"start":{"line":19,"column":38},"end":{"line":19,"column":39}},"loc":{"start":{"line":19,"column":47},"end":{"line":22,"column":17}},"line":19},"2":{"name":"(anonymous_2)","decl":{"start":{"line":20,"column":50},"end":{"line":20,"column":51}},"loc":{"start":{"line":20,"column":55},"end":{"line":20,"column":76}},"line":20},"3":{"name":"(anonymous_3)","decl":{"start":{"line":60,"column":6},"end":{"line":60,"column":7}},"loc":{"start":{"line":60,"column":46},"end":{"line":72,"column":7}},"line":60},"4":{"name":"(anonymous_4)","decl":{"start":{"line":76,"column":14},"end":{"line":76,"column":15}},"loc":{"start":{"line":76,"column":21},"end":{"line":78,"column":6}},"line":76},"5":{"name":"(anonymous_5)","decl":{"start":{"line":80,"column":4},"end":{"line":80,"column":5}},"loc":{"start":{"line":80,"column":13},"end":{"line":119,"column":5}},"line":80},"6":{"name":"(anonymous_6)","decl":{"start":{"line":84,"column":73},"end":{"line":84,"column":74}},"loc":{"start":{"line":84,"column":78},"end":{"line":84,"column":89}},"line":84},"7":{"name":"(anonymous_7)","decl":{"start":{"line":88,"column":49},"end":{"line":88,"column":50}},"loc":{"start":{"line":88,"column":54},"end":{"line":114,"column":13}},"line":88},"8":{"name":"(anonymous_8)","decl":{"start":{"line":126,"column":4},"end":{"line":126,"column":5}},"loc":{"start":{"line":126,"column":15},"end":{"line":134,"column":5}},"line":126},"9":{"name":"(anonymous_9)","decl":{"start":{"line":135,"column":4},"end":{"line":135,"column":5}},"loc":{"start":{"line":135,"column":15},"end":{"line":140,"column":5}},"line":135},"10":{"name":"(anonymous_10)","decl":{"start":{"line":137,"column":20},"end":{"line":137,"column":21}},"loc":{"start":{"line":137,"column":27},"end":{"line":137,"column":51}},"line":137},"11":{"name":"(anonymous_11)","decl":{"start":{"line":138,"column":23},"end":{"line":138,"column":24}},"loc":{"start":{"line":138,"column":30},"end":{"line":138,"column":56}},"line":138}},"branchMap":{"0":{"loc":{"start":{"line":13,"column":8},"end":{"line":57,"column":9}},"type":"if","locations":[{"start":{"line":13,"column":8},"end":{"line":57,"column":9}},{"start":{},"end":{}}],"line":13},"1":{"loc":{"start":{"line":16,"column":12},"end":{"line":23,"column":13}},"type":"if","locations":[{"start":{"line":16,"column":12},"end":{"line":23,"column":13}},{"start":{},"end":{}}],"line":16},"2":{"loc":{"start":{"line":62,"column":8},"end":{"line":64,"column":9}},"type":"if","locations":[{"start":{"line":62,"column":8},"end":{"line":64,"column":9}},{"start":{},"end":{}}],"line":62},"3":{"loc":{"start":{"line":65,"column":8},"end":{"line":70,"column":9}},"type":"if","locations":[{"start":{"line":65,"column":8},"end":{"line":70,"column":9}},{"start":{"line":68,"column":12},"end":{"line":70,"column":9}}],"line":65},"4":{"loc":{"start":{"line":96,"column":20},"end":{"line":97,"column":35}},"type":"if","locations":[{"start":{"line":96,"column":20},"end":{"line":97,"column":35}},{"start":{},"end":{}}],"line":96}},"s":{"0":4,"1":4,"2":5,"3":5,"4":1,"5":1,"6":1,"7":1,"8":1,"9":1,"10":10,"11":0,"12":10,"13":1,"14":1,"15":1,"16":1,"17":1,"18":10,"19":10,"20":10,"21":10,"22":10,"23":10,"24":10,"25":0,"26":0,"27":0,"28":0,"29":1,"30":10,"31":10,"32":0,"33":0,"34":0,"35":5,"36":0,"37":9,"38":13,"39":10,"40":10,"41":10,"42":10,"43":26,"44":26,"45":10,"46":0,"47":10,"48":9,"49":5,"50":0,"51":1},"f":{"0":5,"1":10,"2":0,"3":10,"4":0,"5":9,"6":13,"7":10,"8":9,"9":5,"10":0,"11":1},"b":{"0":[1,4],"1":[1,0],"2":[10,0],"3":[0,0],"4":[0,10]},"_coverageSchema":"1a1c01bbd47fc00a2c39e90264f33305004495a9","hash":"4a14c5eb272649173077ae0fa3e01cc2bda7fcf5"}
,"/Users/yuxinkang/Desktop/Rice/531/hw5-Yuxin1221/homework5/src/components/article/PostArticle.js": {"path":"/Users/yuxinkang/Desktop/Rice/531/hw5-Yuxin1221/homework5/src/components/article/PostArticle.js","statementMap":{"0":{"start":{"line":6,"column":10},"end":{"line":6,"column":26}},"1":{"start":{"line":8,"column":10},"end":{"line":11,"column":5}},"2":{"start":{"line":9,"column":21},"end":{"line":9,"column":25}},"3":{"start":{"line":10,"column":8},"end":{"line":10,"column":22}},"4":{"start":{"line":12,"column":9},"end":{"line":25,"column":5}},"5":{"start":{"line":13,"column":17},"end":{"line":13,"column":47}},"6":{"start":{"line":14,"column":17},"end":{"line":14,"column":44}},"7":{"start":{"line":15,"column":8},"end":{"line":23,"column":9}},"8":{"start":{"line":24,"column":8},"end":{"line":24,"column":20}},"9":{"start":{"line":27,"column":11},"end":{"line":29,"column":5}},"10":{"start":{"line":28,"column":7},"end":{"line":28,"column":52}},"11":{"start":{"line":34,"column":8},"end":{"line":43,"column":9}},"12":{"start":{"line":36,"column":91},"end":{"line":36,"column":103}},"13":{"start":{"line":52,"column":8},"end":{"line":56,"column":9}},"14":{"start":{"line":59,"column":8},"end":{"line":63,"column":9}},"15":{"start":{"line":61,"column":28},"end":{"line":61,"column":51}},"16":{"start":{"line":62,"column":29},"end":{"line":62,"column":53}}},"fnMap":{"0":{"name":"(anonymous_0)","decl":{"start":{"line":8,"column":10},"end":{"line":8,"column":11}},"loc":{"start":{"line":8,"column":14},"end":{"line":11,"column":5}},"line":8},"1":{"name":"(anonymous_1)","decl":{"start":{"line":12,"column":9},"end":{"line":12,"column":10}},"loc":{"start":{"line":12,"column":13},"end":{"line":25,"column":5}},"line":12},"2":{"name":"(anonymous_2)","decl":{"start":{"line":27,"column":11},"end":{"line":27,"column":12}},"loc":{"start":{"line":27,"column":18},"end":{"line":29,"column":5}},"line":27},"3":{"name":"(anonymous_3)","decl":{"start":{"line":33,"column":4},"end":{"line":33,"column":5}},"loc":{"start":{"line":33,"column":13},"end":{"line":44,"column":5}},"line":33},"4":{"name":"(anonymous_4)","decl":{"start":{"line":36,"column":86},"end":{"line":36,"column":87}},"loc":{"start":{"line":36,"column":91},"end":{"line":36,"column":103}},"line":36},"5":{"name":"(anonymous_5)","decl":{"start":{"line":51,"column":4},"end":{"line":51,"column":5}},"loc":{"start":{"line":51,"column":15},"end":{"line":57,"column":5}},"line":51},"6":{"name":"(anonymous_6)","decl":{"start":{"line":58,"column":4},"end":{"line":58,"column":5}},"loc":{"start":{"line":58,"column":18},"end":{"line":64,"column":5}},"line":58},"7":{"name":"(anonymous_7)","decl":{"start":{"line":61,"column":20},"end":{"line":61,"column":21}},"loc":{"start":{"line":61,"column":28},"end":{"line":61,"column":51}},"line":61},"8":{"name":"(anonymous_8)","decl":{"start":{"line":62,"column":20},"end":{"line":62,"column":21}},"loc":{"start":{"line":62,"column":29},"end":{"line":62,"column":53}},"line":62}},"branchMap":{},"s":{"0":5,"1":5,"2":1,"3":1,"4":5,"5":1,"6":1,"7":1,"8":1,"9":5,"10":1,"11":6,"12":7,"13":9,"14":5,"15":1,"16":0},"f":{"0":1,"1":1,"2":1,"3":6,"4":7,"5":9,"6":5,"7":1,"8":0},"b":{},"_coverageSchema":"1a1c01bbd47fc00a2c39e90264f33305004495a9","hash":"b564a4fb4b9e0c7651733004cea757e205dc2f07"}
,"/Users/yuxinkang/Desktop/Rice/531/hw5-Yuxin1221/homework5/src/components/auth/Landing.js": {"path":"/Users/yuxinkang/Desktop/Rice/531/hw5-Yuxin1221/homework5/src/components/auth/Landing.js","statementMap":{"0":{"start":{"line":10,"column":8},"end":{"line":10,"column":20}},"1":{"start":{"line":11,"column":20},"end":{"line":11,"column":68}},"2":{"start":{"line":12,"column":19},"end":{"line":12,"column":73}},"3":{"start":{"line":13,"column":8},"end":{"line":19,"column":9}},"4":{"start":{"line":14,"column":12},"end":{"line":14,"column":40}},"5":{"start":{"line":15,"column":12},"end":{"line":15,"column":35}},"6":{"start":{"line":24,"column":8},"end":{"line":39,"column":9}},"7":{"start":{"line":47,"column":8},"end":{"line":51,"column":9}},"8":{"start":{"line":54,"column":8},"end":{"line":62,"column":9}},"9":{"start":{"line":55,"column":33},"end":{"line":55,"column":58}},"10":{"start":{"line":56,"column":32},"end":{"line":56,"column":59}},"11":{"start":{"line":57,"column":29},"end":{"line":57,"column":53}},"12":{"start":{"line":58,"column":29},"end":{"line":58,"column":51}}},"fnMap":{"0":{"name":"(anonymous_0)","decl":{"start":{"line":9,"column":4},"end":{"line":9,"column":5}},"loc":{"start":{"line":9,"column":23},"end":{"line":20,"column":5}},"line":9},"1":{"name":"(anonymous_1)","decl":{"start":{"line":23,"column":4},"end":{"line":23,"column":5}},"loc":{"start":{"line":23,"column":13},"end":{"line":40,"column":5}},"line":23},"2":{"name":"(anonymous_2)","decl":{"start":{"line":46,"column":4},"end":{"line":46,"column":5}},"loc":{"start":{"line":46,"column":11},"end":{"line":52,"column":5}},"line":46},"3":{"name":"(anonymous_3)","decl":{"start":{"line":53,"column":4},"end":{"line":53,"column":5}},"loc":{"start":{"line":53,"column":15},"end":{"line":64,"column":5}},"line":53},"4":{"name":"(anonymous_4)","decl":{"start":{"line":55,"column":22},"end":{"line":55,"column":23}},"loc":{"start":{"line":55,"column":33},"end":{"line":55,"column":58}},"line":55},"5":{"name":"(anonymous_5)","decl":{"start":{"line":56,"column":24},"end":{"line":56,"column":25}},"loc":{"start":{"line":56,"column":32},"end":{"line":56,"column":59}},"line":56},"6":{"name":"(anonymous_6)","decl":{"start":{"line":57,"column":20},"end":{"line":57,"column":21}},"loc":{"start":{"line":57,"column":29},"end":{"line":57,"column":53}},"line":57},"7":{"name":"(anonymous_7)","decl":{"start":{"line":58,"column":24},"end":{"line":58,"column":25}},"loc":{"start":{"line":58,"column":29},"end":{"line":58,"column":51}},"line":58}},"branchMap":{"0":{"loc":{"start":{"line":13,"column":8},"end":{"line":19,"column":9}},"type":"if","locations":[{"start":{"line":13,"column":8},"end":{"line":19,"column":9}},{"start":{},"end":{}}],"line":13},"1":{"loc":{"start":{"line":13,"column":12},"end":{"line":13,"column":25}},"type":"binary-expr","locations":[{"start":{"line":13,"column":12},"end":{"line":13,"column":17}},{"start":{"line":13,"column":21},"end":{"line":13,"column":25}}],"line":13}},"s":{"0":5,"1":5,"2":5,"3":5,"4":0,"5":0,"6":5,"7":5,"8":5,"9":0,"10":0,"11":0,"12":0},"f":{"0":5,"1":5,"2":5,"3":5,"4":0,"5":0,"6":0,"7":0},"b":{"0":[0,5],"1":[5,0]},"_coverageSchema":"1a1c01bbd47fc00a2c39e90264f33305004495a9","hash":"c9a112e49f65bc4bd59c2e67c0bea263894547de"}
,"/Users/yuxinkang/Desktop/Rice/531/hw5-Yuxin1221/homework5/src/components/auth/Login.js": {"path":"/Users/yuxinkang/Desktop/Rice/531/hw5-Yuxin1221/homework5/src/components/auth/Login.js","statementMap":{"0":{"start":{"line":8,"column":10},"end":{"line":8,"column":45}},"1":{"start":{"line":10,"column":8},"end":{"line":10,"column":21}},"2":{"start":{"line":11,"column":8},"end":{"line":11,"column":53}},"3":{"start":{"line":12,"column":8},"end":{"line":12,"column":61}},"4":{"start":{"line":16,"column":17},"end":{"line":45,"column":1}},"5":{"start":{"line":20,"column":4},"end":{"line":42,"column":5}},"6":{"start":{"line":22,"column":7},"end":{"line":22,"column":73}},"7":{"start":{"line":25,"column":9},"end":{"line":42,"column":5}},"8":{"start":{"line":27,"column":8},"end":{"line":38,"column":9}},"9":{"start":{"line":27,"column":18},"end":{"line":27,"column":19}},"10":{"start":{"line":28,"column":12},"end":{"line":37,"column":9}},"11":{"start":{"line":29,"column":12},"end":{"line":29,"column":48}},"12":{"start":{"line":30,"column":13},"end":{"line":30,"column":86}},"13":{"start":{"line":31,"column":13},"end":{"line":31,"column":37}},"14":{"start":{"line":32,"column":13},"end":{"line":32,"column":56}},"15":{"start":{"line":36,"column":12},"end":{"line":36,"column":80}},"16":{"start":{"line":52,"column":12},"end":{"line":52,"column":52}},"17":{"start":{"line":57,"column":8},"end":{"line":57,"column":52}},"18":{"start":{"line":62,"column":8},"end":{"line":89,"column":9}},"19":{"start":{"line":74,"column":29},"end":{"line":74,"column":45}},"20":{"start":{"line":98,"column":8},"end":{"line":103,"column":9}},"21":{"start":{"line":105,"column":12},"end":{"line":108,"column":13}},"22":{"start":{"line":106,"column":34},"end":{"line":106,"column":56}},"23":{"start":{"line":107,"column":36},"end":{"line":107,"column":63}}},"fnMap":{"0":{"name":"(anonymous_0)","decl":{"start":{"line":9,"column":4},"end":{"line":9,"column":5}},"loc":{"start":{"line":9,"column":24},"end":{"line":13,"column":5}},"line":9},"1":{"name":"(anonymous_1)","decl":{"start":{"line":16,"column":17},"end":{"line":16,"column":18}},"loc":{"start":{"line":16,"column":21},"end":{"line":45,"column":1}},"line":16},"2":{"name":"(anonymous_2)","decl":{"start":{"line":51,"column":4},"end":{"line":51,"column":5}},"loc":{"start":{"line":51,"column":19},"end":{"line":53,"column":8}},"line":51},"3":{"name":"(anonymous_3)","decl":{"start":{"line":56,"column":4},"end":{"line":56,"column":5}},"loc":{"start":{"line":56,"column":23},"end":{"line":59,"column":5}},"line":56},"4":{"name":"(anonymous_4)","decl":{"start":{"line":60,"column":4},"end":{"line":60,"column":5}},"loc":{"start":{"line":60,"column":13},"end":{"line":90,"column":5}},"line":60},"5":{"name":"(anonymous_5)","decl":{"start":{"line":74,"column":24},"end":{"line":74,"column":25}},"loc":{"start":{"line":74,"column":29},"end":{"line":74,"column":45}},"line":74},"6":{"name":"(anonymous_6)","decl":{"start":{"line":97,"column":4},"end":{"line":97,"column":5}},"loc":{"start":{"line":97,"column":12},"end":{"line":103,"column":10}},"line":97},"7":{"name":"(anonymous_7)","decl":{"start":{"line":104,"column":8},"end":{"line":104,"column":9}},"loc":{"start":{"line":104,"column":21},"end":{"line":109,"column":9}},"line":104},"8":{"name":"(anonymous_8)","decl":{"start":{"line":106,"column":28},"end":{"line":106,"column":29}},"loc":{"start":{"line":106,"column":34},"end":{"line":106,"column":56}},"line":106},"9":{"name":"(anonymous_9)","decl":{"start":{"line":107,"column":28},"end":{"line":107,"column":29}},"loc":{"start":{"line":107,"column":36},"end":{"line":107,"column":63}},"line":107}},"branchMap":{"0":{"loc":{"start":{"line":20,"column":4},"end":{"line":42,"column":5}},"type":"if","locations":[{"start":{"line":20,"column":4},"end":{"line":42,"column":5}},{"start":{"line":25,"column":9},"end":{"line":42,"column":5}}],"line":20},"1":{"loc":{"start":{"line":20,"column":7},"end":{"line":20,"column":52}},"type":"binary-expr","locations":[{"start":{"line":20,"column":7},"end":{"line":20,"column":29}},{"start":{"line":20,"column":31},"end":{"line":20,"column":52}}],"line":20},"2":{"loc":{"start":{"line":25,"column":9},"end":{"line":42,"column":5}},"type":"if","locations":[{"start":{"line":25,"column":9},"end":{"line":42,"column":5}},{"start":{},"end":{}}],"line":25},"3":{"loc":{"start":{"line":25,"column":12},"end":{"line":25,"column":118}},"type":"binary-expr","locations":[{"start":{"line":25,"column":12},"end":{"line":25,"column":34}},{"start":{"line":25,"column":36},"end":{"line":25,"column":60}},{"start":{"line":25,"column":62},"end":{"line":25,"column":88}},{"start":{"line":25,"column":90},"end":{"line":25,"column":118}}],"line":25},"4":{"loc":{"start":{"line":28,"column":12},"end":{"line":37,"column":9}},"type":"if","locations":[{"start":{"line":28,"column":12},"end":{"line":37,"column":9}},{"start":{"line":35,"column":11},"end":{"line":37,"column":9}}],"line":28},"5":{"loc":{"start":{"line":28,"column":15},"end":{"line":28,"column":120}},"type":"binary-expr","locations":[{"start":{"line":28,"column":15},"end":{"line":28,"column":67}},{"start":{"line":28,"column":69},"end":{"line":28,"column":120}}],"line":28}},"s":{"0":8,"1":8,"2":8,"3":8,"4":8,"5":3,"6":1,"7":2,"8":2,"9":2,"10":8,"11":1,"12":1,"13":1,"14":1,"15":7,"16":3,"17":3,"18":20,"19":32,"20":13,"21":8,"22":1,"23":1},"f":{"0":8,"1":3,"2":3,"3":3,"4":20,"5":32,"6":13,"7":8,"8":1,"9":1},"b":{"0":[1,2],"1":[3,2],"2":[2,0],"3":[2,2,2,2],"4":[1,7],"5":[8,1]},"_coverageSchema":"1a1c01bbd47fc00a2c39e90264f33305004495a9","hash":"a8b5cb040e4066c102d67f58aa64850b37fbe8a3"}
,"/Users/yuxinkang/Desktop/Rice/531/hw5-Yuxin1221/homework5/src/components/auth/Registerform.js": {"path":"/Users/yuxinkang/Desktop/Rice/531/hw5-Yuxin1221/homework5/src/components/auth/Registerform.js","statementMap":{"0":{"start":{"line":6,"column":9},"end":{"line":6,"column":97}},"1":{"start":{"line":8,"column":12},"end":{"line":24,"column":1}},"2":{"start":{"line":9,"column":39},"end":{"line":9,"column":58}},"3":{"start":{"line":10,"column":16},"end":{"line":10,"column":26}},"4":{"start":{"line":11,"column":18},"end":{"line":11,"column":78}},"5":{"start":{"line":12,"column":4},"end":{"line":22,"column":5}},"6":{"start":{"line":13,"column":8},"end":{"line":13,"column":21}},"7":{"start":{"line":14,"column":10},"end":{"line":22,"column":5}},"8":{"start":{"line":15,"column":8},"end":{"line":21,"column":9}},"9":{"start":{"line":16,"column":12},"end":{"line":16,"column":25}},"10":{"start":{"line":17,"column":14},"end":{"line":21,"column":9}},"11":{"start":{"line":18,"column":12},"end":{"line":20,"column":13}},"12":{"start":{"line":19,"column":16},"end":{"line":19,"column":29}},"13":{"start":{"line":23,"column":4},"end":{"line":23,"column":16}},"14":{"start":{"line":27,"column":20},"end":{"line":103,"column":8}},"15":{"start":{"line":28,"column":66},"end":{"line":28,"column":70}},"16":{"start":{"line":30,"column":19},"end":{"line":30,"column":23}},"17":{"start":{"line":31,"column":21},"end":{"line":31,"column":23}},"18":{"start":{"line":32,"column":10},"end":{"line":36,"column":12}},"19":{"start":{"line":34,"column":12},"end":{"line":34,"column":91}},"20":{"start":{"line":34,"column":91},"end":{"line":34,"column":101}},"21":{"start":{"line":37,"column":11},"end":{"line":40,"column":12}},"22":{"start":{"line":39,"column":14},"end":{"line":39,"column":63}},"23":{"start":{"line":39,"column":64},"end":{"line":39,"column":74}},"24":{"start":{"line":42,"column":11},"end":{"line":45,"column":12}},"25":{"start":{"line":44,"column":15},"end":{"line":44,"column":74}},"26":{"start":{"line":44,"column":75},"end":{"line":44,"column":85}},"27":{"start":{"line":47,"column":11},"end":{"line":50,"column":12}},"28":{"start":{"line":49,"column":15},"end":{"line":49,"column":71}},"29":{"start":{"line":49,"column":71},"end":{"line":49,"column":81}},"30":{"start":{"line":52,"column":11},"end":{"line":56,"column":12}},"31":{"start":{"line":54,"column":12},"end":{"line":54,"column":61}},"32":{"start":{"line":55,"column":15},"end":{"line":55,"column":25}},"33":{"start":{"line":57,"column":11},"end":{"line":61,"column":12}},"34":{"start":{"line":59,"column":15},"end":{"line":59,"column":57}},"35":{"start":{"line":60,"column":16},"end":{"line":60,"column":26}},"36":{"start":{"line":62,"column":11},"end":{"line":66,"column":13}},"37":{"start":{"line":64,"column":15},"end":{"line":64,"column":78}},"38":{"start":{"line":65,"column":15},"end":{"line":65,"column":25}},"39":{"start":{"line":69,"column":24},"end":{"line":69,"column":99}},"40":{"start":{"line":70,"column":22},"end":{"line":70,"column":38}},"41":{"start":{"line":71,"column":12},"end":{"line":73,"column":13}},"42":{"start":{"line":72,"column":16},"end":{"line":72,"column":65}},"43":{"start":{"line":75,"column":22},"end":{"line":87,"column":13}},"44":{"start":{"line":89,"column":11},"end":{"line":101,"column":12}},"45":{"start":{"line":91,"column":12},"end":{"line":91,"column":69}},"46":{"start":{"line":92,"column":12},"end":{"line":92,"column":48}},"47":{"start":{"line":93,"column":12},"end":{"line":93,"column":27}},"48":{"start":{"line":94,"column":12},"end":{"line":94,"column":35}},"49":{"start":{"line":95,"column":12},"end":{"line":95,"column":39}},"50":{"start":{"line":96,"column":12},"end":{"line":96,"column":65}},"51":{"start":{"line":97,"column":12},"end":{"line":97,"column":35}},"52":{"start":{"line":100,"column":15},"end":{"line":100,"column":46}},"53":{"start":{"line":105,"column":21},"end":{"line":129,"column":8}},"54":{"start":{"line":106,"column":11},"end":{"line":108,"column":12}},"55":{"start":{"line":107,"column":15},"end":{"line":107,"column":56}},"56":{"start":{"line":109,"column":11},"end":{"line":111,"column":13}},"57":{"start":{"line":110,"column":12},"end":{"line":110,"column":51}},"58":{"start":{"line":112,"column":12},"end":{"line":114,"column":13}},"59":{"start":{"line":113,"column":16},"end":{"line":113,"column":55}},"60":{"start":{"line":115,"column":12},"end":{"line":117,"column":13}},"61":{"start":{"line":116,"column":16},"end":{"line":116,"column":55}},"62":{"start":{"line":118,"column":12},"end":{"line":120,"column":13}},"63":{"start":{"line":119,"column":16},"end":{"line":119,"column":57}},"64":{"start":{"line":121,"column":12},"end":{"line":123,"column":13}},"65":{"start":{"line":122,"column":16},"end":{"line":122,"column":58}},"66":{"start":{"line":124,"column":12},"end":{"line":126,"column":13}},"67":{"start":{"line":125,"column":16},"end":{"line":125,"column":52}},"68":{"start":{"line":131,"column":8},"end":{"line":194,"column":9}},"69":{"start":{"line":138,"column":82},"end":{"line":138,"column":111}},"70":{"start":{"line":138,"column":123},"end":{"line":138,"column":136}},"71":{"start":{"line":144,"column":81},"end":{"line":144,"column":110}},"72":{"start":{"line":144,"column":124},"end":{"line":144,"column":137}},"73":{"start":{"line":151,"column":81},"end":{"line":151,"column":110}},"74":{"start":{"line":151,"column":123},"end":{"line":151,"column":136}},"75":{"start":{"line":157,"column":81},"end":{"line":157,"column":110}},"76":{"start":{"line":157,"column":124},"end":{"line":157,"column":137}},"77":{"start":{"line":163,"column":85},"end":{"line":163,"column":114}},"78":{"start":{"line":163,"column":128},"end":{"line":163,"column":143}},"79":{"start":{"line":169,"column":87},"end":{"line":169,"column":116}},"80":{"start":{"line":169,"column":130},"end":{"line":169,"column":146}},"81":{"start":{"line":175,"column":67},"end":{"line":175,"column":95}},"82":{"start":{"line":175,"column":108},"end":{"line":175,"column":118}},"83":{"start":{"line":187,"column":28},"end":{"line":187,"column":43}},"84":{"start":{"line":203,"column":8},"end":{"line":207,"column":9}},"85":{"start":{"line":209,"column":12},"end":{"line":216,"column":13}},"86":{"start":{"line":210,"column":34},"end":{"line":210,"column":56}},"87":{"start":{"line":211,"column":36},"end":{"line":211,"column":74}},"88":{"start":{"line":212,"column":40},"end":{"line":212,"column":84}},"89":{"start":{"line":213,"column":35},"end":{"line":213,"column":58}},"90":{"start":{"line":214,"column":36},"end":{"line":214,"column":63}}},"fnMap":{"0":{"name":"(anonymous_0)","decl":{"start":{"line":8,"column":12},"end":{"line":8,"column":13}},"loc":{"start":{"line":8,"column":24},"end":{"line":24,"column":1}},"line":8},"1":{"name":"(anonymous_1)","decl":{"start":{"line":27,"column":20},"end":{"line":27,"column":21}},"loc":{"start":{"line":27,"column":24},"end":{"line":103,"column":8}},"line":27},"2":{"name":"(anonymous_2)","decl":{"start":{"line":105,"column":21},"end":{"line":105,"column":22}},"loc":{"start":{"line":105,"column":32},"end":{"line":129,"column":8}},"line":105},"3":{"name":"(anonymous_3)","decl":{"start":{"line":130,"column":4},"end":{"line":130,"column":5}},"loc":{"start":{"line":130,"column":13},"end":{"line":195,"column":5}},"line":130},"4":{"name":"(anonymous_4)","decl":{"start":{"line":138,"column":75},"end":{"line":138,"column":76}},"loc":{"start":{"line":138,"column":82},"end":{"line":138,"column":111}},"line":138},"5":{"name":"(anonymous_5)","decl":{"start":{"line":138,"column":118},"end":{"line":138,"column":119}},"loc":{"start":{"line":138,"column":123},"end":{"line":138,"column":136}},"line":138},"6":{"name":"(anonymous_6)","decl":{"start":{"line":144,"column":74},"end":{"line":144,"column":75}},"loc":{"start":{"line":144,"column":81},"end":{"line":144,"column":110}},"line":144},"7":{"name":"(anonymous_7)","decl":{"start":{"line":144,"column":119},"end":{"line":144,"column":120}},"loc":{"start":{"line":144,"column":124},"end":{"line":144,"column":137}},"line":144},"8":{"name":"(anonymous_8)","decl":{"start":{"line":151,"column":74},"end":{"line":151,"column":75}},"loc":{"start":{"line":151,"column":81},"end":{"line":151,"column":110}},"line":151},"9":{"name":"(anonymous_9)","decl":{"start":{"line":151,"column":118},"end":{"line":151,"column":119}},"loc":{"start":{"line":151,"column":123},"end":{"line":151,"column":136}},"line":151},"10":{"name":"(anonymous_10)","decl":{"start":{"line":157,"column":74},"end":{"line":157,"column":75}},"loc":{"start":{"line":157,"column":81},"end":{"line":157,"column":110}},"line":157},"11":{"name":"(anonymous_11)","decl":{"start":{"line":157,"column":119},"end":{"line":157,"column":120}},"loc":{"start":{"line":157,"column":124},"end":{"line":157,"column":137}},"line":157},"12":{"name":"(anonymous_12)","decl":{"start":{"line":163,"column":78},"end":{"line":163,"column":79}},"loc":{"start":{"line":163,"column":85},"end":{"line":163,"column":114}},"line":163},"13":{"name":"(anonymous_13)","decl":{"start":{"line":163,"column":123},"end":{"line":163,"column":124}},"loc":{"start":{"line":163,"column":128},"end":{"line":163,"column":143}},"line":163},"14":{"name":"(anonymous_14)","decl":{"start":{"line":169,"column":80},"end":{"line":169,"column":81}},"loc":{"start":{"line":169,"column":87},"end":{"line":169,"column":116}},"line":169},"15":{"name":"(anonymous_15)","decl":{"start":{"line":169,"column":125},"end":{"line":169,"column":126}},"loc":{"start":{"line":169,"column":130},"end":{"line":169,"column":146}},"line":169},"16":{"name":"(anonymous_16)","decl":{"start":{"line":175,"column":60},"end":{"line":175,"column":61}},"loc":{"start":{"line":175,"column":67},"end":{"line":175,"column":95}},"line":175},"17":{"name":"(anonymous_17)","decl":{"start":{"line":175,"column":103},"end":{"line":175,"column":104}},"loc":{"start":{"line":175,"column":108},"end":{"line":175,"column":118}},"line":175},"18":{"name":"(anonymous_18)","decl":{"start":{"line":187,"column":23},"end":{"line":187,"column":24}},"loc":{"start":{"line":187,"column":28},"end":{"line":187,"column":43}},"line":187},"19":{"name":"(anonymous_19)","decl":{"start":{"line":202,"column":4},"end":{"line":202,"column":5}},"loc":{"start":{"line":202,"column":12},"end":{"line":207,"column":10}},"line":202},"20":{"name":"(anonymous_20)","decl":{"start":{"line":208,"column":8},"end":{"line":208,"column":9}},"loc":{"start":{"line":208,"column":21},"end":{"line":217,"column":9}},"line":208},"21":{"name":"(anonymous_21)","decl":{"start":{"line":210,"column":28},"end":{"line":210,"column":29}},"loc":{"start":{"line":210,"column":34},"end":{"line":210,"column":56}},"line":210},"22":{"name":"(anonymous_22)","decl":{"start":{"line":211,"column":28},"end":{"line":211,"column":29}},"loc":{"start":{"line":211,"column":36},"end":{"line":211,"column":74}},"line":211},"23":{"name":"(anonymous_23)","decl":{"start":{"line":212,"column":26},"end":{"line":212,"column":27}},"loc":{"start":{"line":212,"column":40},"end":{"line":212,"column":84}},"line":212},"24":{"name":"(anonymous_24)","decl":{"start":{"line":213,"column":25},"end":{"line":213,"column":26}},"loc":{"start":{"line":213,"column":35},"end":{"line":213,"column":58}},"line":213},"25":{"name":"(anonymous_25)","decl":{"start":{"line":214,"column":28},"end":{"line":214,"column":29}},"loc":{"start":{"line":214,"column":36},"end":{"line":214,"column":63}},"line":214}},"branchMap":{"0":{"loc":{"start":{"line":12,"column":4},"end":{"line":22,"column":5}},"type":"if","locations":[{"start":{"line":12,"column":4},"end":{"line":22,"column":5}},{"start":{"line":14,"column":10},"end":{"line":22,"column":5}}],"line":12},"1":{"loc":{"start":{"line":14,"column":10},"end":{"line":22,"column":5}},"type":"if","locations":[{"start":{"line":14,"column":10},"end":{"line":22,"column":5}},{"start":{},"end":{}}],"line":14},"2":{"loc":{"start":{"line":15,"column":8},"end":{"line":21,"column":9}},"type":"if","locations":[{"start":{"line":15,"column":8},"end":{"line":21,"column":9}},{"start":{"line":17,"column":14},"end":{"line":21,"column":9}}],"line":15},"3":{"loc":{"start":{"line":17,"column":14},"end":{"line":21,"column":9}},"type":"if","locations":[{"start":{"line":17,"column":14},"end":{"line":21,"column":9}},{"start":{},"end":{}}],"line":17},"4":{"loc":{"start":{"line":18,"column":12},"end":{"line":20,"column":13}},"type":"if","locations":[{"start":{"line":18,"column":12},"end":{"line":20,"column":13}},{"start":{},"end":{}}],"line":18},"5":{"loc":{"start":{"line":32,"column":10},"end":{"line":36,"column":12}},"type":"if","locations":[{"start":{"line":32,"column":10},"end":{"line":36,"column":12}},{"start":{},"end":{}}],"line":32},"6":{"loc":{"start":{"line":37,"column":11},"end":{"line":40,"column":12}},"type":"if","locations":[{"start":{"line":37,"column":11},"end":{"line":40,"column":12}},{"start":{},"end":{}}],"line":37},"7":{"loc":{"start":{"line":42,"column":11},"end":{"line":45,"column":12}},"type":"if","locations":[{"start":{"line":42,"column":11},"end":{"line":45,"column":12}},{"start":{},"end":{}}],"line":42},"8":{"loc":{"start":{"line":47,"column":11},"end":{"line":50,"column":12}},"type":"if","locations":[{"start":{"line":47,"column":11},"end":{"line":50,"column":12}},{"start":{},"end":{}}],"line":47},"9":{"loc":{"start":{"line":52,"column":11},"end":{"line":56,"column":12}},"type":"if","locations":[{"start":{"line":52,"column":11},"end":{"line":56,"column":12}},{"start":{},"end":{}}],"line":52},"10":{"loc":{"start":{"line":57,"column":11},"end":{"line":61,"column":12}},"type":"if","locations":[{"start":{"line":57,"column":11},"end":{"line":61,"column":12}},{"start":{},"end":{}}],"line":57},"11":{"loc":{"start":{"line":57,"column":14},"end":{"line":57,"column":226}},"type":"binary-expr","locations":[{"start":{"line":57,"column":14},"end":{"line":57,"column":29}},{"start":{"line":57,"column":31},"end":{"line":57,"column":42}},{"start":{"line":57,"column":44},"end":{"line":57,"column":60}},{"start":{"line":57,"column":62},"end":{"line":57,"column":78}},{"start":{"line":57,"column":80},"end":{"line":57,"column":90}},{"start":{"line":57,"column":92},"end":{"line":57,"column":104}},{"start":{"line":57,"column":106},"end":{"line":57,"column":119}},{"start":{"line":57,"column":121},"end":{"line":57,"column":128}},{"start":{"line":57,"column":130},"end":{"line":57,"column":148}},{"start":{"line":57,"column":150},"end":{"line":57,"column":168}},{"start":{"line":57,"column":170},"end":{"line":57,"column":182}},{"start":{"line":57,"column":184},"end":{"line":57,"column":198}},{"start":{"line":57,"column":200},"end":{"line":57,"column":215}},{"start":{"line":57,"column":217},"end":{"line":57,"column":226}}],"line":57},"12":{"loc":{"start":{"line":62,"column":11},"end":{"line":66,"column":13}},"type":"if","locations":[{"start":{"line":62,"column":11},"end":{"line":66,"column":13}},{"start":{},"end":{}}],"line":62},"13":{"loc":{"start":{"line":69,"column":24},"end":{"line":69,"column":99}},"type":"cond-expr","locations":[{"start":{"line":69,"column":55},"end":{"line":69,"column":96}},{"start":{"line":69,"column":97},"end":{"line":69,"column":99}}],"line":69},"14":{"loc":{"start":{"line":71,"column":12},"end":{"line":73,"column":13}},"type":"if","locations":[{"start":{"line":71,"column":12},"end":{"line":73,"column":13}},{"start":{},"end":{}}],"line":71},"15":{"loc":{"start":{"line":89,"column":11},"end":{"line":101,"column":12}},"type":"if","locations":[{"start":{"line":89,"column":11},"end":{"line":101,"column":12}},{"start":{"line":99,"column":15},"end":{"line":101,"column":12}}],"line":89},"16":{"loc":{"start":{"line":106,"column":11},"end":{"line":108,"column":12}},"type":"if","locations":[{"start":{"line":106,"column":11},"end":{"line":108,"column":12}},{"start":{},"end":{}}],"line":106},"17":{"loc":{"start":{"line":109,"column":11},"end":{"line":111,"column":13}},"type":"if","locations":[{"start":{"line":109,"column":11},"end":{"line":111,"column":13}},{"start":{},"end":{}}],"line":109},"18":{"loc":{"start":{"line":112,"column":12},"end":{"line":114,"column":13}},"type":"if","locations":[{"start":{"line":112,"column":12},"end":{"line":114,"column":13}},{"start":{},"end":{}}],"line":112},"19":{"loc":{"start":{"line":115,"column":12},"end":{"line":117,"column":13}},"type":"if","locations":[{"start":{"line":115,"column":12},"end":{"line":117,"column":13}},{"start":{},"end":{}}],"line":115},"20":{"loc":{"start":{"line":118,"column":12},"end":{"line":120,"column":13}},"type":"if","locations":[{"start":{"line":118,"column":12},"end":{"line":120,"column":13}},{"start":{},"end":{}}],"line":118},"21":{"loc":{"start":{"line":121,"column":12},"end":{"line":123,"column":13}},"type":"if","locations":[{"start":{"line":121,"column":12},"end":{"line":123,"column":13}},{"start":{},"end":{}}],"line":121},"22":{"loc":{"start":{"line":124,"column":12},"end":{"line":126,"column":13}},"type":"if","locations":[{"start":{"line":124,"column":12},"end":{"line":126,"column":13}},{"start":{},"end":{}}],"line":124}},"s":{"0":8,"1":8,"2":3,"3":3,"4":3,"5":3,"6":2,"7":1,"8":0,"9":0,"10":0,"11":0,"12":0,"13":1,"14":8,"15":3,"16":3,"17":3,"18":3,"19":0,"20":0,"21":3,"22":0,"23":0,"24":3,"25":0,"26":0,"27":3,"28":0,"29":0,"30":3,"31":1,"32":1,"33":3,"34":0,"35":0,"36":3,"37":2,"38":2,"39":3,"40":3,"41":3,"42":0,"43":3,"44":3,"45":0,"46":0,"47":0,"48":0,"49":0,"50":0,"51":0,"52":3,"53":8,"54":21,"55":3,"56":21,"57":3,"58":21,"59":3,"60":21,"61":3,"62":21,"63":3,"64":21,"65":3,"66":21,"67":3,"68":32,"69":3,"70":56,"71":3,"72":56,"73":3,"74":56,"75":3,"76":56,"77":3,"78":56,"79":3,"80":56,"81":3,"82":56,"83":56,"84":8,"85":8,"86":0,"87":0,"88":0,"89":0,"90":0},"f":{"0":3,"1":3,"2":21,"3":32,"4":3,"5":56,"6":3,"7":56,"8":3,"9":56,"10":3,"11":56,"12":3,"13":56,"14":3,"15":56,"16":3,"17":56,"18":56,"19":8,"20":8,"21":0,"22":0,"23":0,"24":0,"25":0},"b":{"0":[2,1],"1":[0,1],"2":[0,0],"3":[0,0],"4":[0,0],"5":[0,3],"6":[0,3],"7":[0,3],"8":[0,3],"9":[1,2],"10":[0,3],"11":[3,3,3,3,3,3,3,3,3,3,3,3,3,3],"12":[2,1],"13":[0,3],"14":[0,3],"15":[0,3],"16":[3,18],"17":[3,18],"18":[3,18],"19":[3,18],"20":[3,18],"21":[3,18],"22":[3,18]},"_coverageSchema":"1a1c01bbd47fc00a2c39e90264f33305004495a9","hash":"a75724def556564f1ff1404f8285b52c72f5f655"}
,"/Users/yuxinkang/Desktop/Rice/531/hw5-Yuxin1221/homework5/src/components/main/Following.js": {"path":"/Users/yuxinkang/Desktop/Rice/531/hw5-Yuxin1221/homework5/src/components/main/Following.js","statementMap":{"0":{"start":{"line":6,"column":13},"end":{"line":6,"column":26}},"1":{"start":{"line":8,"column":20},"end":{"line":8,"column":36}},"2":{"start":{"line":9,"column":21},"end":{"line":9,"column":49}},"3":{"start":{"line":10,"column":8},"end":{"line":13,"column":10}},"4":{"start":{"line":11,"column":24},"end":{"line":11,"column":65}},"5":{"start":{"line":11,"column":43},"end":{"line":11,"column":64}},"6":{"start":{"line":12,"column":12},"end":{"line":12,"column":36}},"7":{"start":{"line":14,"column":8},"end":{"line":14,"column":42}},"8":{"start":{"line":18,"column":8},"end":{"line":18,"column":21}},"9":{"start":{"line":19,"column":8},"end":{"line":19,"column":35}},"10":{"start":{"line":20,"column":8},"end":{"line":20,"column":48}},"11":{"start":{"line":21,"column":8},"end":{"line":21,"column":38}},"12":{"start":{"line":22,"column":8},"end":{"line":22,"column":44}},"13":{"start":{"line":24,"column":14},"end":{"line":27,"column":6}},"14":{"start":{"line":26,"column":9},"end":{"line":26,"column":50}},"15":{"start":{"line":29,"column":9},"end":{"line":53,"column":6}},"16":{"start":{"line":30,"column":9},"end":{"line":30,"column":56}},"17":{"start":{"line":31,"column":9},"end":{"line":31,"column":68}},"18":{"start":{"line":32,"column":9},"end":{"line":51,"column":9}},"19":{"start":{"line":32,"column":20},"end":{"line":32,"column":21}},"20":{"start":{"line":33,"column":12},"end":{"line":50,"column":13}},"21":{"start":{"line":34,"column":16},"end":{"line":44,"column":17}},"22":{"start":{"line":34,"column":27},"end":{"line":34,"column":28}},"23":{"start":{"line":35,"column":29},"end":{"line":35,"column":80}},"24":{"start":{"line":36,"column":20},"end":{"line":43,"column":22}},"25":{"start":{"line":45,"column":16},"end":{"line":45,"column":44}},"26":{"start":{"line":46,"column":16},"end":{"line":46,"column":22}},"27":{"start":{"line":49,"column":16},"end":{"line":49,"column":53}},"28":{"start":{"line":52,"column":8},"end":{"line":52,"column":38}},"29":{"start":{"line":55,"column":12},"end":{"line":57,"column":6}},"30":{"start":{"line":56,"column":8},"end":{"line":56,"column":51}},"31":{"start":{"line":59,"column":8},"end":{"line":87,"column":9}},"32":{"start":{"line":64,"column":25},"end":{"line":64,"column":56}},"33":{"start":{"line":65,"column":26},"end":{"line":65,"column":66}},"34":{"start":{"line":66,"column":16},"end":{"line":79,"column":21}},"35":{"start":{"line":83,"column":33},"end":{"line":83,"column":46}},"36":{"start":{"line":95,"column":8},"end":{"line":102,"column":9}},"37":{"start":{"line":104,"column":12},"end":{"line":112,"column":13}},"38":{"start":{"line":106,"column":44},"end":{"line":106,"column":76}},"39":{"start":{"line":107,"column":40},"end":{"line":107,"column":68}},"40":{"start":{"line":108,"column":50},"end":{"line":108,"column":88}},"41":{"start":{"line":109,"column":32},"end":{"line":109,"column":55}}},"fnMap":{"0":{"name":"(anonymous_0)","decl":{"start":{"line":7,"column":4},"end":{"line":7,"column":5}},"loc":{"start":{"line":7,"column":24},"end":{"line":15,"column":5}},"line":7},"1":{"name":"(anonymous_1)","decl":{"start":{"line":10,"column":30},"end":{"line":10,"column":31}},"loc":{"start":{"line":10,"column":39},"end":{"line":13,"column":9}},"line":10},"2":{"name":"(anonymous_2)","decl":{"start":{"line":11,"column":38},"end":{"line":11,"column":39}},"loc":{"start":{"line":11,"column":43},"end":{"line":11,"column":64}},"line":11},"3":{"name":"(anonymous_3)","decl":{"start":{"line":17,"column":4},"end":{"line":17,"column":5}},"loc":{"start":{"line":17,"column":23},"end":{"line":23,"column":5}},"line":17},"4":{"name":"(anonymous_4)","decl":{"start":{"line":24,"column":14},"end":{"line":24,"column":15}},"loc":{"start":{"line":24,"column":21},"end":{"line":27,"column":6}},"line":24},"5":{"name":"(anonymous_5)","decl":{"start":{"line":29,"column":9},"end":{"line":29,"column":10}},"loc":{"start":{"line":29,"column":13},"end":{"line":53,"column":6}},"line":29},"6":{"name":"(anonymous_6)","decl":{"start":{"line":55,"column":12},"end":{"line":55,"column":13}},"loc":{"start":{"line":55,"column":19},"end":{"line":57,"column":6}},"line":55},"7":{"name":"(anonymous_7)","decl":{"start":{"line":58,"column":4},"end":{"line":58,"column":5}},"loc":{"start":{"line":58,"column":13},"end":{"line":88,"column":5}},"line":58},"8":{"name":"(anonymous_8)","decl":{"start":{"line":63,"column":38},"end":{"line":63,"column":39}},"loc":{"start":{"line":63,"column":57},"end":{"line":80,"column":13}},"line":63},"9":{"name":"(anonymous_9)","decl":{"start":{"line":83,"column":28},"end":{"line":83,"column":29}},"loc":{"start":{"line":83,"column":33},"end":{"line":83,"column":46}},"line":83},"10":{"name":"(anonymous_10)","decl":{"start":{"line":94,"column":4},"end":{"line":94,"column":5}},"loc":{"start":{"line":94,"column":12},"end":{"line":102,"column":10}},"line":94},"11":{"name":"(anonymous_11)","decl":{"start":{"line":103,"column":8},"end":{"line":103,"column":9}},"loc":{"start":{"line":103,"column":21},"end":{"line":113,"column":9}},"line":103},"12":{"name":"(anonymous_12)","decl":{"start":{"line":106,"column":33},"end":{"line":106,"column":34}},"loc":{"start":{"line":106,"column":44},"end":{"line":106,"column":76}},"line":106},"13":{"name":"(anonymous_13)","decl":{"start":{"line":107,"column":30},"end":{"line":107,"column":31}},"loc":{"start":{"line":107,"column":40},"end":{"line":107,"column":68}},"line":107},"14":{"name":"(anonymous_14)","decl":{"start":{"line":108,"column":33},"end":{"line":108,"column":34}},"loc":{"start":{"line":108,"column":50},"end":{"line":108,"column":88}},"line":108},"15":{"name":"(anonymous_15)","decl":{"start":{"line":109,"column":24},"end":{"line":109,"column":25}},"loc":{"start":{"line":109,"column":32},"end":{"line":109,"column":55}},"line":109}},"branchMap":{"0":{"loc":{"start":{"line":33,"column":12},"end":{"line":50,"column":13}},"type":"if","locations":[{"start":{"line":33,"column":12},"end":{"line":50,"column":13}},{"start":{"line":48,"column":17},"end":{"line":50,"column":13}}],"line":33}},"s":{"0":4,"1":4,"2":4,"3":4,"4":5,"5":0,"6":5,"7":4,"8":4,"9":4,"10":4,"11":4,"12":4,"13":4,"14":1,"15":4,"16":1,"17":1,"18":1,"19":1,"20":3,"21":1,"22":1,"23":10,"24":10,"25":1,"26":1,"27":2,"28":1,"29":4,"30":1,"31":11,"32":1,"33":1,"34":1,"35":18,"36":20,"37":4,"38":4,"39":1,"40":1,"41":10},"f":{"0":4,"1":5,"2":0,"3":4,"4":1,"5":1,"6":1,"7":11,"8":1,"9":18,"10":20,"11":4,"12":4,"13":1,"14":1,"15":10},"b":{"0":[1,2]},"_coverageSchema":"1a1c01bbd47fc00a2c39e90264f33305004495a9","hash":"23668c4b008d9b9a995e387e902dde09d06c4121"}
,"/Users/yuxinkang/Desktop/Rice/531/hw5-Yuxin1221/homework5/src/components/main/Headline.js": {"path":"/Users/yuxinkang/Desktop/Rice/531/hw5-Yuxin1221/homework5/src/components/main/Headline.js","statementMap":{"0":{"start":{"line":7,"column":13},"end":{"line":7,"column":26}},"1":{"start":{"line":10,"column":22},"end":{"line":12,"column":8}},"2":{"start":{"line":11,"column":34},"end":{"line":11,"column":38}},"3":{"start":{"line":11,"column":39},"end":{"line":11,"column":78}},"4":{"start":{"line":11,"column":78},"end":{"line":11,"column":117}},"5":{"start":{"line":15,"column":14},"end":{"line":23,"column":15}},"6":{"start":{"line":19,"column":30},"end":{"line":19,"column":46}},"7":{"start":{"line":20,"column":96},"end":{"line":20,"column":110}},"8":{"start":{"line":29,"column":11},"end":{"line":31,"column":12}},"9":{"start":{"line":33,"column":15},"end":{"line":34,"column":16}}},"fnMap":{"0":{"name":"(anonymous_0)","decl":{"start":{"line":10,"column":22},"end":{"line":10,"column":23}},"loc":{"start":{"line":10,"column":26},"end":{"line":12,"column":8}},"line":10},"1":{"name":"(anonymous_1)","decl":{"start":{"line":14,"column":7},"end":{"line":14,"column":8}},"loc":{"start":{"line":14,"column":16},"end":{"line":24,"column":8}},"line":14},"2":{"name":"(anonymous_2)","decl":{"start":{"line":19,"column":25},"end":{"line":19,"column":26}},"loc":{"start":{"line":19,"column":30},"end":{"line":19,"column":46}},"line":19},"3":{"name":"(anonymous_3)","decl":{"start":{"line":20,"column":91},"end":{"line":20,"column":92}},"loc":{"start":{"line":20,"column":96},"end":{"line":20,"column":110}},"line":20},"4":{"name":"(anonymous_4)","decl":{"start":{"line":28,"column":7},"end":{"line":28,"column":8}},"loc":{"start":{"line":28,"column":15},"end":{"line":31,"column":13}},"line":28},"5":{"name":"(anonymous_5)","decl":{"start":{"line":32,"column":11},"end":{"line":32,"column":12}},"loc":{"start":{"line":32,"column":24},"end":{"line":35,"column":12}},"line":32}},"branchMap":{},"s":{"0":3,"1":3,"2":0,"3":0,"4":0,"5":3,"6":3,"7":3,"8":6,"9":3},"f":{"0":0,"1":3,"2":3,"3":3,"4":6,"5":3},"b":{},"_coverageSchema":"1a1c01bbd47fc00a2c39e90264f33305004495a9","hash":"2c6fbbb3d2f932ece72d449e83363f7371009877"}
,"/Users/yuxinkang/Desktop/Rice/531/hw5-Yuxin1221/homework5/src/components/main/Navigation.js": {"path":"/Users/yuxinkang/Desktop/Rice/531/hw5-Yuxin1221/homework5/src/components/main/Navigation.js","statementMap":{"0":{"start":{"line":9,"column":10},"end":{"line":13,"column":4}},"1":{"start":{"line":10,"column":9},"end":{"line":10,"column":48}},"2":{"start":{"line":11,"column":10},"end":{"line":11,"column":47}},"3":{"start":{"line":12,"column":8},"end":{"line":12,"column":32}},"4":{"start":{"line":17,"column":8},"end":{"line":22,"column":9}},"5":{"start":{"line":31,"column":8},"end":{"line":34,"column":9}},"6":{"start":{"line":37,"column":8},"end":{"line":41,"column":9}},"7":{"start":{"line":39,"column":24},"end":{"line":39,"column":46}}},"fnMap":{"0":{"name":"(anonymous_0)","decl":{"start":{"line":9,"column":10},"end":{"line":9,"column":11}},"loc":{"start":{"line":9,"column":14},"end":{"line":13,"column":4}},"line":9},"1":{"name":"(anonymous_1)","decl":{"start":{"line":16,"column":4},"end":{"line":16,"column":5}},"loc":{"start":{"line":16,"column":13},"end":{"line":23,"column":5}},"line":16},"2":{"name":"(anonymous_2)","decl":{"start":{"line":30,"column":4},"end":{"line":30,"column":5}},"loc":{"start":{"line":30,"column":11},"end":{"line":35,"column":5}},"line":30},"3":{"name":"(anonymous_3)","decl":{"start":{"line":36,"column":4},"end":{"line":36,"column":5}},"loc":{"start":{"line":36,"column":15},"end":{"line":43,"column":5}},"line":36},"4":{"name":"(anonymous_4)","decl":{"start":{"line":39,"column":20},"end":{"line":39,"column":21}},"loc":{"start":{"line":39,"column":24},"end":{"line":39,"column":46}},"line":39}},"branchMap":{},"s":{"0":5,"1":1,"2":1,"3":1,"4":6,"5":9,"6":5,"7":1},"f":{"0":1,"1":6,"2":9,"3":5,"4":1},"b":{},"_coverageSchema":"1a1c01bbd47fc00a2c39e90264f33305004495a9","hash":"96080077fe9365a233497048e41c9c3e45d2026b"}
,"/Users/yuxinkang/Desktop/Rice/531/hw5-Yuxin1221/homework5/src/components/main/main.js": {"path":"/Users/yuxinkang/Desktop/Rice/531/hw5-Yuxin1221/homework5/src/components/main/main.js","statementMap":{"0":{"start":{"line":8,"column":20},"end":{"line":25,"column":1}},"1":{"start":{"line":9,"column":4},"end":{"line":24,"column":6}}},"fnMap":{"0":{"name":"(anonymous_0)","decl":{"start":{"line":8,"column":20},"end":{"line":8,"column":21}},"loc":{"start":{"line":9,"column":4},"end":{"line":24,"column":6}},"line":9}},"branchMap":{},"s":{"0":2,"1":5},"f":{"0":5},"b":{},"_coverageSchema":"1a1c01bbd47fc00a2c39e90264f33305004495a9","hash":"272fbaf9e1a3161e4b436f91d2dd4263b9dc8107"}
,"/Users/yuxinkang/Desktop/Rice/531/hw5-Yuxin1221/homework5/src/components/profile/Avator.js": {"path":"/Users/yuxinkang/Desktop/Rice/531/hw5-Yuxin1221/homework5/src/components/profile/Avator.js","statementMap":{"0":{"start":{"line":4,"column":22},"end":{"line":11,"column":1}},"1":{"start":{"line":5,"column":4},"end":{"line":10,"column":10}}},"fnMap":{"0":{"name":"(anonymous_0)","decl":{"start":{"line":4,"column":22},"end":{"line":4,"column":23}},"loc":{"start":{"line":5,"column":4},"end":{"line":10,"column":10}},"line":5}},"branchMap":{},"s":{"0":3,"1":2},"f":{"0":2},"b":{},"_coverageSchema":"1a1c01bbd47fc00a2c39e90264f33305004495a9","hash":"99fea4742974fe63fe12c32e7a5cc050c0198b00"}
,"/Users/yuxinkang/Desktop/Rice/531/hw5-Yuxin1221/homework5/src/components/profile/NavPro.js": {"path":"/Users/yuxinkang/Desktop/Rice/531/hw5-Yuxin1221/homework5/src/components/profile/NavPro.js","statementMap":{"0":{"start":{"line":8,"column":8},"end":{"line":14,"column":9}},"1":{"start":{"line":20,"column":8},"end":{"line":23,"column":9}},"2":{"start":{"line":26,"column":8},"end":{"line":28,"column":9}}},"fnMap":{"0":{"name":"(anonymous_0)","decl":{"start":{"line":7,"column":4},"end":{"line":7,"column":5}},"loc":{"start":{"line":7,"column":13},"end":{"line":15,"column":5}},"line":7},"1":{"name":"(anonymous_1)","decl":{"start":{"line":19,"column":4},"end":{"line":19,"column":5}},"loc":{"start":{"line":19,"column":11},"end":{"line":24,"column":5}},"line":19},"2":{"name":"(anonymous_2)","decl":{"start":{"line":25,"column":4},"end":{"line":25,"column":5}},"loc":{"start":{"line":25,"column":15},"end":{"line":30,"column":5}},"line":25}},"branchMap":{},"s":{"0":2,"1":2,"2":2},"f":{"0":2,"1":2,"2":2},"b":{},"_coverageSchema":"1a1c01bbd47fc00a2c39e90264f33305004495a9","hash":"1daf9268f499be5df6b2e94d48a91ed1519bb89d"}
,"/Users/yuxinkang/Desktop/Rice/531/hw5-Yuxin1221/homework5/src/components/profile/profile.js": {"path":"/Users/yuxinkang/Desktop/Rice/531/hw5-Yuxin1221/homework5/src/components/profile/profile.js","statementMap":{"0":{"start":{"line":13,"column":8},"end":{"line":13,"column":19}},"1":{"start":{"line":15,"column":10},"end":{"line":15,"column":209}},"2":{"start":{"line":16,"column":20},"end":{"line":26,"column":8}},"3":{"start":{"line":17,"column":58},"end":{"line":17,"column":62}},"4":{"start":{"line":18,"column":8},"end":{"line":24,"column":9}},"5":{"start":{"line":20,"column":12},"end":{"line":20,"column":69}},"6":{"start":{"line":20,"column":69},"end":{"line":20,"column":81}},"7":{"start":{"line":22,"column":13},"end":{"line":24,"column":9}},"8":{"start":{"line":23,"column":12},"end":{"line":23,"column":68}},"9":{"start":{"line":23,"column":68},"end":{"line":23,"column":80}},"10":{"start":{"line":25,"column":12},"end":{"line":25,"column":136}},"11":{"start":{"line":29,"column":8},"end":{"line":105,"column":9}},"12":{"start":{"line":46,"column":25},"end":{"line":46,"column":38}},"13":{"start":{"line":54,"column":26},"end":{"line":54,"column":39}},"14":{"start":{"line":63,"column":26},"end":{"line":63,"column":39}},"15":{"start":{"line":70,"column":25},"end":{"line":70,"column":38}},"16":{"start":{"line":76,"column":26},"end":{"line":76,"column":41}},"17":{"start":{"line":113,"column":8},"end":{"line":122,"column":9}},"18":{"start":{"line":124,"column":12},"end":{"line":131,"column":13}},"19":{"start":{"line":125,"column":34},"end":{"line":125,"column":56}},"20":{"start":{"line":126,"column":33},"end":{"line":126,"column":57}},"21":{"start":{"line":127,"column":36},"end":{"line":127,"column":74}},"22":{"start":{"line":128,"column":34},"end":{"line":128,"column":61}},"23":{"start":{"line":129,"column":35},"end":{"line":129,"column":60}},"24":{"start":{"line":130,"column":31},"end":{"line":130,"column":55}}},"fnMap":{"0":{"name":"(anonymous_0)","decl":{"start":{"line":12,"column":4},"end":{"line":12,"column":5}},"loc":{"start":{"line":12,"column":23},"end":{"line":14,"column":5}},"line":12},"1":{"name":"(anonymous_1)","decl":{"start":{"line":16,"column":20},"end":{"line":16,"column":21}},"loc":{"start":{"line":16,"column":24},"end":{"line":26,"column":8}},"line":16},"2":{"name":"(anonymous_2)","decl":{"start":{"line":28,"column":4},"end":{"line":28,"column":5}},"loc":{"start":{"line":28,"column":13},"end":{"line":106,"column":5}},"line":28},"3":{"name":"(anonymous_3)","decl":{"start":{"line":46,"column":20},"end":{"line":46,"column":21}},"loc":{"start":{"line":46,"column":25},"end":{"line":46,"column":38}},"line":46},"4":{"name":"(anonymous_4)","decl":{"start":{"line":54,"column":21},"end":{"line":54,"column":22}},"loc":{"start":{"line":54,"column":26},"end":{"line":54,"column":39}},"line":54},"5":{"name":"(anonymous_5)","decl":{"start":{"line":63,"column":21},"end":{"line":63,"column":22}},"loc":{"start":{"line":63,"column":26},"end":{"line":63,"column":39}},"line":63},"6":{"name":"(anonymous_6)","decl":{"start":{"line":70,"column":20},"end":{"line":70,"column":21}},"loc":{"start":{"line":70,"column":25},"end":{"line":70,"column":38}},"line":70},"7":{"name":"(anonymous_7)","decl":{"start":{"line":76,"column":21},"end":{"line":76,"column":22}},"loc":{"start":{"line":76,"column":26},"end":{"line":76,"column":41}},"line":76},"8":{"name":"(anonymous_8)","decl":{"start":{"line":112,"column":4},"end":{"line":112,"column":5}},"loc":{"start":{"line":112,"column":12},"end":{"line":122,"column":10}},"line":112},"9":{"name":"(anonymous_9)","decl":{"start":{"line":123,"column":8},"end":{"line":123,"column":9}},"loc":{"start":{"line":123,"column":21},"end":{"line":132,"column":9}},"line":123},"10":{"name":"(anonymous_10)","decl":{"start":{"line":125,"column":28},"end":{"line":125,"column":29}},"loc":{"start":{"line":125,"column":34},"end":{"line":125,"column":56}},"line":125},"11":{"name":"(anonymous_11)","decl":{"start":{"line":126,"column":29},"end":{"line":126,"column":30}},"loc":{"start":{"line":126,"column":33},"end":{"line":126,"column":57}},"line":126},"12":{"name":"(anonymous_12)","decl":{"start":{"line":127,"column":28},"end":{"line":127,"column":29}},"loc":{"start":{"line":127,"column":36},"end":{"line":127,"column":74}},"line":127},"13":{"name":"(anonymous_13)","decl":{"start":{"line":128,"column":26},"end":{"line":128,"column":27}},"loc":{"start":{"line":128,"column":34},"end":{"line":128,"column":61}},"line":128},"14":{"name":"(anonymous_14)","decl":{"start":{"line":129,"column":24},"end":{"line":129,"column":25}},"loc":{"start":{"line":129,"column":35},"end":{"line":129,"column":60}},"line":129},"15":{"name":"(anonymous_15)","decl":{"start":{"line":130,"column":22},"end":{"line":130,"column":23}},"loc":{"start":{"line":130,"column":31},"end":{"line":130,"column":55}},"line":130}},"branchMap":{"0":{"loc":{"start":{"line":18,"column":8},"end":{"line":24,"column":9}},"type":"if","locations":[{"start":{"line":18,"column":8},"end":{"line":24,"column":9}},{"start":{"line":22,"column":13},"end":{"line":24,"column":9}}],"line":18},"1":{"loc":{"start":{"line":18,"column":11},"end":{"line":18,"column":224}},"type":"binary-expr","locations":[{"start":{"line":18,"column":11},"end":{"line":18,"column":52}},{"start":{"line":18,"column":54},"end":{"line":18,"column":93}},{"start":{"line":18,"column":95},"end":{"line":18,"column":134}},{"start":{"line":18,"column":136},"end":{"line":18,"column":179}},{"start":{"line":18,"column":181},"end":{"line":18,"column":224}}],"line":18},"2":{"loc":{"start":{"line":22,"column":13},"end":{"line":24,"column":9}},"type":"if","locations":[{"start":{"line":22,"column":13},"end":{"line":24,"column":9}},{"start":{},"end":{}}],"line":22}},"s":{"0":1,"1":1,"2":1,"3":0,"4":0,"5":0,"6":0,"7":0,"8":0,"9":0,"10":0,"11":1,"12":1,"13":1,"14":1,"15":1,"16":1,"17":1,"18":1,"19":0,"20":0,"21":0,"22":0,"23":0,"24":0},"f":{"0":1,"1":0,"2":1,"3":1,"4":1,"5":1,"6":1,"7":1,"8":1,"9":1,"10":0,"11":0,"12":0,"13":0,"14":0,"15":0},"b":{"0":[0,0],"1":[0,0,0,0,0],"2":[0,0]},"_coverageSchema":"1a1c01bbd47fc00a2c39e90264f33305004495a9","hash":"008f9863618e3e77de603e5cb61efcd902eaaaf4"}
}
