TN:
SF:src/App.js
FN:14,(anonymous_0)
FN:19,(anonymous_1)
FN:23,(anonymous_2)
FN:27,(anonymous_3)
FN:40,(anonymous_4)
FNF:5
FNH:4
FNDA:6,(anonymous_0)
FNDA:5,(anonymous_1)
FNDA:2,(anonymous_2)
FNDA:0,(anonymous_3)
FNDA:8,(anonymous_4)
DA:15,6
DA:20,5
DA:24,2
DA:28,0
DA:41,8
LF:5
LH:4
BRDA:20,0,0,1
BRDA:20,0,1,4
BRDA:24,1,0,2
BRDA:24,1,1,0
BRDA:28,2,0,0
BRDA:28,2,1,0
BRF:6
BRH:3
end_of_record
TN:
SF:src/Fetch.js
FN:1,Fetch
FN:7,(anonymous_1)
FN:8,(anonymous_2)
FN:44,(anonymous_3)
FN:45,(anonymous_4)
FN:46,(anonymous_5)
FN:47,(anonymous_6)
FNF:7
FNH:1
FNDA:6,Fetch
FNDA:0,(anonymous_1)
FNDA:0,(anonymous_2)
FNDA:0,(anonymous_3)
FNDA:0,(anonymous_4)
FNDA:0,(anonymous_5)
FNDA:0,(anonymous_6)
DA:2,6
DA:3,6
DA:4,6
DA:6,6
DA:7,6
DA:9,0
DA:10,0
DA:11,0
DA:27,0
DA:30,0
DA:31,0
DA:36,0
DA:42,6
DA:44,6
DA:46,0
DA:47,0
DA:50,0
LF:17
LH:7
BRDA:6,0,0,6
BRDA:6,0,1,0
BRDA:42,1,0,6
BRDA:42,1,1,0
BRF:4
BRH:2
end_of_record
TN:
SF:src/actions.js
FN:18,changepage
FN:21,changetoprofile
FN:24,changetomain
FN:27,getUsers
FN:30,updateusers
FN:33,newuser
FN:37,updatefollowers
FN:41,deletefollowers
FN:45,addfollowers
FN:50,updatepost
FN:53,addpost
FN:56,getpost
FN:60,changeheadline
FNF:13
FNH:11
FNDA:9,changepage
FNDA:0,changetoprofile
FNDA:0,changetomain
FNDA:14,getUsers
FNDA:20,updateusers
FNDA:1,newuser
FNDA:5,updatefollowers
FNDA:2,deletefollowers
FNDA:3,addfollowers
FNDA:3,updatepost
FNDA:12,addpost
FNDA:2,getpost
FNDA:1,changeheadline
DA:1,14
DA:2,14
DA:3,14
DA:4,14
DA:5,14
DA:6,14
DA:8,14
DA:9,14
DA:10,14
DA:12,14
DA:13,14
DA:14,14
DA:16,14
DA:19,9
DA:22,0
DA:25,0
DA:28,14
DA:31,20
DA:34,1
DA:38,5
DA:42,2
DA:46,3
DA:51,3
DA:54,12
DA:57,2
DA:61,1
LF:26
LH:24
BRF:0
BRH:0
end_of_record
TN:
SF:src/index.js
FNF:0
FNH:0
DA:15,0
DA:16,0
DA:17,0
LF:3
LH:0
BRF:0
BRH:0
end_of_record
TN:
SF:src/reducers.js
FN:20,Changeheadline
FN:25,(anonymous_1)
FN:41,(anonymous_2)
FN:48,(anonymous_3)
FN:49,(anonymous_4)
FNF:5
FNH:5
FNDA:1,Changeheadline
FNDA:96,(anonymous_1)
FNDA:13,(anonymous_2)
FNDA:2,(anonymous_3)
FNDA:12,(anonymous_4)
DA:8,14
DA:21,1
DA:22,1
DA:25,14
DA:26,96
DA:30,9
DA:32,14
DA:34,20
DA:36,1
DA:37,1
DA:39,5
DA:41,13
DA:42,3
DA:43,3
DA:45,0
DA:48,2
DA:49,12
DA:52,2
DA:54,12
DA:55,12
DA:57,3
DA:59,1
DA:60,1
DA:61,1
DA:62,1
DA:63,1
DA:64,1
DA:65,1
DA:68,1
DA:69,1
DA:71,24
LF:31
LH:30
BRDA:25,0,0,45
BRDA:26,1,0,9
BRDA:26,1,1,14
BRDA:26,1,2,20
BRDA:26,1,3,1
BRDA:26,1,4,5
BRDA:26,1,5,3
BRDA:26,1,6,2
BRDA:26,1,7,2
BRDA:26,1,8,12
BRDA:26,1,9,3
BRDA:26,1,10,1
BRDA:26,1,11,24
BRDA:42,2,0,3
BRDA:42,2,1,0
BRDA:63,3,0,1
BRDA:63,3,1,0
BRF:17
BRH:15
end_of_record
TN:
SF:src/components/article/Article.js
FN:4,article
FNF:1
FNH:1
FNDA:4,article
DA:5,4
LF:1
LH:1
BRF:0
BRH:0
end_of_record
TN:
SF:src/components/article/Articlebody.js
FN:12,(anonymous_0)
FN:19,(anonymous_1)
FN:20,(anonymous_2)
FN:60,(anonymous_3)
FN:76,(anonymous_4)
FN:80,(anonymous_5)
FN:84,(anonymous_6)
FN:88,(anonymous_7)
FN:126,(anonymous_8)
FN:135,(anonymous_9)
FN:137,(anonymous_10)
FN:138,(anonymous_11)
FNF:12
FNH:9
FNDA:5,(anonymous_0)
FNDA:10,(anonymous_1)
FNDA:0,(anonymous_2)
FNDA:10,(anonymous_3)
FNDA:0,(anonymous_4)
FNDA:9,(anonymous_5)
FNDA:13,(anonymous_6)
FNDA:10,(anonymous_7)
FNDA:9,(anonymous_8)
FNDA:5,(anonymous_9)
FNDA:0,(anonymous_10)
FNDA:1,(anonymous_11)
DA:5,4
DA:6,4
DA:9,5
DA:13,5
DA:14,1
DA:15,1
DA:16,1
DA:17,1
DA:18,1
DA:19,1
DA:20,10
DA:21,10
DA:26,1
DA:27,1
DA:28,1
DA:29,1
DA:30,10
DA:31,10
DA:32,10
DA:33,10
DA:41,10
DA:42,10
DA:43,0
DA:44,0
DA:54,1
DA:62,10
DA:63,10
DA:65,0
DA:66,0
DA:69,0
DA:76,5
DA:77,0
DA:81,9
DA:84,13
DA:89,10
DA:90,10
DA:91,10
DA:92,26
DA:93,26
DA:96,10
DA:97,0
DA:98,10
DA:127,9
DA:136,5
DA:137,0
DA:138,1
LF:46
LH:38
BRDA:13,0,0,1
BRDA:13,0,1,4
BRDA:16,1,0,1
BRDA:16,1,1,0
BRDA:62,2,0,10
BRDA:62,2,1,0
BRDA:65,3,0,0
BRDA:65,3,1,0
BRDA:96,4,0,0
BRDA:96,4,1,10
BRF:10
BRH:5
end_of_record
TN:
SF:src/components/article/PostArticle.js
FN:8,(anonymous_0)
FN:12,(anonymous_1)
FN:27,(anonymous_2)
FN:33,(anonymous_3)
FN:36,(anonymous_4)
FN:51,(anonymous_5)
FN:58,(anonymous_6)
FN:61,(anonymous_7)
FN:62,(anonymous_8)
FNF:9
FNH:8
FNDA:1,(anonymous_0)
FNDA:1,(anonymous_1)
FNDA:1,(anonymous_2)
FNDA:6,(anonymous_3)
FNDA:7,(anonymous_4)
FNDA:9,(anonymous_5)
FNDA:5,(anonymous_6)
FNDA:1,(anonymous_7)
FNDA:0,(anonymous_8)
DA:6,5
DA:8,5
DA:9,1
DA:10,1
DA:12,5
DA:13,1
DA:14,1
DA:15,1
DA:24,1
DA:27,5
DA:28,1
DA:34,6
DA:36,7
DA:52,9
DA:59,5
DA:61,1
DA:62,0
LF:17
LH:16
BRF:0
BRH:0
end_of_record
TN:
SF:src/components/auth/Landing.js
FN:9,(anonymous_0)
FN:23,(anonymous_1)
FN:46,(anonymous_2)
FN:53,(anonymous_3)
FN:55,(anonymous_4)
FN:56,(anonymous_5)
FN:57,(anonymous_6)
FN:58,(anonymous_7)
FNF:8
FNH:4
FNDA:5,(anonymous_0)
FNDA:5,(anonymous_1)
FNDA:5,(anonymous_2)
FNDA:5,(anonymous_3)
FNDA:0,(anonymous_4)
FNDA:0,(anonymous_5)
FNDA:0,(anonymous_6)
FNDA:0,(anonymous_7)
DA:10,5
DA:11,5
DA:12,5
DA:13,5
DA:14,0
DA:15,0
DA:24,5
DA:47,5
DA:54,5
DA:55,0
DA:56,0
DA:57,0
DA:58,0
LF:13
LH:7
BRDA:13,0,0,0
BRDA:13,0,1,5
BRDA:13,1,0,5
BRDA:13,1,1,0
BRF:4
BRH:2
end_of_record
TN:
SF:src/components/auth/Login.js
FN:9,(anonymous_0)
FN:16,(anonymous_1)
FN:51,(anonymous_2)
FN:56,(anonymous_3)
FN:60,(anonymous_4)
FN:74,(anonymous_5)
FN:97,(anonymous_6)
FN:104,(anonymous_7)
FN:106,(anonymous_8)
FN:107,(anonymous_9)
FNF:10
FNH:10
FNDA:8,(anonymous_0)
FNDA:3,(anonymous_1)
FNDA:3,(anonymous_2)
FNDA:3,(anonymous_3)
FNDA:20,(anonymous_4)
FNDA:32,(anonymous_5)
FNDA:13,(anonymous_6)
FNDA:8,(anonymous_7)
FNDA:1,(anonymous_8)
FNDA:1,(anonymous_9)
DA:8,8
DA:10,8
DA:11,8
DA:12,8
DA:16,8
DA:20,3
DA:22,1
DA:25,2
DA:27,2
DA:28,8
DA:29,1
DA:30,1
DA:31,1
DA:32,1
DA:36,7
DA:52,3
DA:57,3
DA:62,20
DA:74,32
DA:98,13
DA:105,8
DA:106,1
DA:107,1
LF:23
LH:23
BRDA:20,0,0,1
BRDA:20,0,1,2
BRDA:20,1,0,3
BRDA:20,1,1,2
BRDA:25,2,0,2
BRDA:25,2,1,0
BRDA:25,3,0,2
BRDA:25,3,1,2
BRDA:25,3,2,2
BRDA:25,3,3,2
BRDA:28,4,0,1
BRDA:28,4,1,7
BRDA:28,5,0,8
BRDA:28,5,1,1
BRF:14
BRH:13
end_of_record
TN:
SF:src/components/auth/Registerform.js
FN:8,(anonymous_0)
FN:27,(anonymous_1)
FN:105,(anonymous_2)
FN:130,(anonymous_3)
FN:138,(anonymous_4)
FN:138,(anonymous_5)
FN:144,(anonymous_6)
FN:144,(anonymous_7)
FN:151,(anonymous_8)
FN:151,(anonymous_9)
FN:157,(anonymous_10)
FN:157,(anonymous_11)
FN:163,(anonymous_12)
FN:163,(anonymous_13)
FN:169,(anonymous_14)
FN:169,(anonymous_15)
FN:175,(anonymous_16)
FN:175,(anonymous_17)
FN:187,(anonymous_18)
FN:202,(anonymous_19)
FN:208,(anonymous_20)
FN:210,(anonymous_21)
FN:211,(anonymous_22)
FN:212,(anonymous_23)
FN:213,(anonymous_24)
FN:214,(anonymous_25)
FNF:26
FNH:21
FNDA:3,(anonymous_0)
FNDA:3,(anonymous_1)
FNDA:21,(anonymous_2)
FNDA:32,(anonymous_3)
FNDA:3,(anonymous_4)
FNDA:56,(anonymous_5)
FNDA:3,(anonymous_6)
FNDA:56,(anonymous_7)
FNDA:3,(anonymous_8)
FNDA:56,(anonymous_9)
FNDA:3,(anonymous_10)
FNDA:56,(anonymous_11)
FNDA:3,(anonymous_12)
FNDA:56,(anonymous_13)
FNDA:3,(anonymous_14)
FNDA:56,(anonymous_15)
FNDA:3,(anonymous_16)
FNDA:56,(anonymous_17)
FNDA:56,(anonymous_18)
FNDA:8,(anonymous_19)
FNDA:8,(anonymous_20)
FNDA:0,(anonymous_21)
FNDA:0,(anonymous_22)
FNDA:0,(anonymous_23)
FNDA:0,(anonymous_24)
FNDA:0,(anonymous_25)
DA:6,8
DA:8,8
DA:9,3
DA:10,3
DA:11,3
DA:12,3
DA:13,2
DA:14,1
DA:15,0
DA:16,0
DA:17,0
DA:18,0
DA:19,0
DA:23,1
DA:27,8
DA:28,3
DA:30,3
DA:31,3
DA:32,3
DA:34,0
DA:37,3
DA:39,0
DA:42,3
DA:44,0
DA:47,3
DA:49,0
DA:52,3
DA:54,1
DA:55,1
DA:57,3
DA:59,0
DA:60,0
DA:62,3
DA:64,2
DA:65,2
DA:69,3
DA:70,3
DA:71,3
DA:72,0
DA:75,3
DA:89,3
DA:91,0
DA:92,0
DA:93,0
DA:94,0
DA:95,0
DA:96,0
DA:97,0
DA:100,3
DA:105,8
DA:106,21
DA:107,3
DA:109,21
DA:110,3
DA:112,21
DA:113,3
DA:115,21
DA:116,3
DA:118,21
DA:119,3
DA:121,21
DA:122,3
DA:124,21
DA:125,3
DA:131,32
DA:138,56
DA:144,56
DA:151,56
DA:157,56
DA:163,56
DA:169,56
DA:175,56
DA:187,56
DA:203,8
DA:209,8
DA:210,0
DA:211,0
DA:212,0
DA:213,0
DA:214,0
LF:80
LH:56
BRDA:12,0,0,2
BRDA:12,0,1,1
BRDA:14,1,0,0
BRDA:14,1,1,1
BRDA:15,2,0,0
BRDA:15,2,1,0
BRDA:17,3,0,0
BRDA:17,3,1,0
BRDA:18,4,0,0
BRDA:18,4,1,0
BRDA:32,5,0,0
BRDA:32,5,1,3
BRDA:37,6,0,0
BRDA:37,6,1,3
BRDA:42,7,0,0
BRDA:42,7,1,3
BRDA:47,8,0,0
BRDA:47,8,1,3
BRDA:52,9,0,1
BRDA:52,9,1,2
BRDA:57,10,0,0
BRDA:57,10,1,3
BRDA:57,11,0,3
BRDA:57,11,1,3
BRDA:57,11,2,3
BRDA:57,11,3,3
BRDA:57,11,4,3
BRDA:57,11,5,3
BRDA:57,11,6,3
BRDA:57,11,7,3
BRDA:57,11,8,3
BRDA:57,11,9,3
BRDA:57,11,10,3
BRDA:57,11,11,3
BRDA:57,11,12,3
BRDA:57,11,13,3
BRDA:62,12,0,2
BRDA:62,12,1,1
BRDA:69,13,0,0
BRDA:69,13,1,3
BRDA:71,14,0,0
BRDA:71,14,1,3
BRDA:89,15,0,0
BRDA:89,15,1,3
BRDA:106,16,0,3
BRDA:106,16,1,18
BRDA:109,17,0,3
BRDA:109,17,1,18
BRDA:112,18,0,3
BRDA:112,18,1,18
BRDA:115,19,0,3
BRDA:115,19,1,18
BRDA:118,20,0,3
BRDA:118,20,1,18
BRDA:121,21,0,3
BRDA:121,21,1,18
BRDA:124,22,0,3
BRDA:124,22,1,18
BRF:58
BRH:43
end_of_record
TN:
SF:src/components/main/Following.js
FN:7,(anonymous_0)
FN:10,(anonymous_1)
FN:11,(anonymous_2)
FN:17,(anonymous_3)
FN:24,(anonymous_4)
FN:29,(anonymous_5)
FN:55,(anonymous_6)
FN:58,(anonymous_7)
FN:63,(anonymous_8)
FN:83,(anonymous_9)
FN:94,(anonymous_10)
FN:103,(anonymous_11)
FN:106,(anonymous_12)
FN:107,(anonymous_13)
FN:108,(anonymous_14)
FN:109,(anonymous_15)
FNF:16
FNH:15
FNDA:4,(anonymous_0)
FNDA:5,(anonymous_1)
FNDA:0,(anonymous_2)
FNDA:4,(anonymous_3)
FNDA:1,(anonymous_4)
FNDA:1,(anonymous_5)
FNDA:1,(anonymous_6)
FNDA:11,(anonymous_7)
FNDA:1,(anonymous_8)
FNDA:18,(anonymous_9)
FNDA:20,(anonymous_10)
FNDA:4,(anonymous_11)
FNDA:4,(anonymous_12)
FNDA:1,(anonymous_13)
FNDA:1,(anonymous_14)
FNDA:10,(anonymous_15)
DA:6,4
DA:8,4
DA:9,4
DA:10,4
DA:11,5
DA:12,5
DA:14,4
DA:18,4
DA:19,4
DA:20,4
DA:21,4
DA:22,4
DA:24,4
DA:26,1
DA:29,4
DA:30,1
DA:31,1
DA:32,1
DA:33,3
DA:34,1
DA:35,10
DA:36,10
DA:45,1
DA:46,1
DA:49,2
DA:52,1
DA:55,4
DA:56,1
DA:59,11
DA:64,1
DA:65,1
DA:66,1
DA:83,18
DA:95,20
DA:104,4
DA:106,4
DA:107,1
DA:108,1
DA:109,10
LF:39
LH:39
BRDA:33,0,0,1
BRDA:33,0,1,2
BRF:2
BRH:2
end_of_record
TN:
SF:src/components/main/Headline.js
FN:10,(anonymous_0)
FN:14,(anonymous_1)
FN:19,(anonymous_2)
FN:20,(anonymous_3)
FN:28,(anonymous_4)
FN:32,(anonymous_5)
FNF:6
FNH:5
FNDA:0,(anonymous_0)
FNDA:3,(anonymous_1)
FNDA:3,(anonymous_2)
FNDA:3,(anonymous_3)
FNDA:6,(anonymous_4)
FNDA:3,(anonymous_5)
DA:7,3
DA:10,3
DA:11,0
DA:15,3
DA:19,3
DA:20,3
DA:29,6
DA:33,3
LF:8
LH:7
BRF:0
BRH:0
end_of_record
TN:
SF:src/components/main/Navigation.js
FN:9,(anonymous_0)
FN:16,(anonymous_1)
FN:30,(anonymous_2)
FN:36,(anonymous_3)
FN:39,(anonymous_4)
FNF:5
FNH:5
FNDA:1,(anonymous_0)
FNDA:6,(anonymous_1)
FNDA:9,(anonymous_2)
FNDA:5,(anonymous_3)
FNDA:1,(anonymous_4)
DA:9,5
DA:10,1
DA:11,1
DA:12,1
DA:17,6
DA:31,9
DA:37,5
DA:39,1
LF:8
LH:8
BRF:0
BRH:0
end_of_record
TN:
SF:src/components/main/main.js
FN:8,(anonymous_0)
FNF:1
FNH:1
FNDA:5,(anonymous_0)
DA:8,2
DA:9,5
LF:2
LH:2
BRF:0
BRH:0
end_of_record
TN:
SF:src/components/profile/Avator.js
FN:4,(anonymous_0)
FNF:1
FNH:1
FNDA:2,(anonymous_0)
DA:4,3
DA:5,2
LF:2
LH:2
BRF:0
BRH:0
end_of_record
TN:
SF:src/components/profile/NavPro.js
FN:7,(anonymous_0)
FN:19,(anonymous_1)
FN:25,(anonymous_2)
FNF:3
FNH:3
FNDA:2,(anonymous_0)
FNDA:2,(anonymous_1)
FNDA:2,(anonymous_2)
DA:8,2
DA:20,2
DA:26,2
LF:3
LH:3
BRF:0
BRH:0
end_of_record
TN:
SF:src/components/profile/profile.js
FN:12,(anonymous_0)
FN:16,(anonymous_1)
FN:28,(anonymous_2)
FN:46,(anonymous_3)
FN:54,(anonymous_4)
FN:63,(anonymous_5)
FN:70,(anonymous_6)
FN:76,(anonymous_7)
FN:112,(anonymous_8)
FN:123,(anonymous_9)
FN:125,(anonymous_10)
FN:126,(anonymous_11)
FN:127,(anonymous_12)
FN:128,(anonymous_13)
FN:129,(anonymous_14)
FN:130,(anonymous_15)
FNF:16
FNH:9
FNDA:1,(anonymous_0)
FNDA:0,(anonymous_1)
FNDA:1,(anonymous_2)
FNDA:1,(anonymous_3)
FNDA:1,(anonymous_4)
FNDA:1,(anonymous_5)
FNDA:1,(anonymous_6)
FNDA:1,(anonymous_7)
FNDA:1,(anonymous_8)
FNDA:1,(anonymous_9)
FNDA:0,(anonymous_10)
FNDA:0,(anonymous_11)
FNDA:0,(anonymous_12)
FNDA:0,(anonymous_13)
FNDA:0,(anonymous_14)
FNDA:0,(anonymous_15)
DA:13,1
DA:15,1
DA:16,1
DA:17,0
DA:18,0
DA:20,0
DA:22,0
DA:23,0
DA:25,0
DA:29,1
DA:46,1
DA:54,1
DA:63,1
DA:70,1
DA:76,1
DA:113,1
DA:124,1
DA:125,0
DA:126,0
DA:127,0
DA:128,0
DA:129,0
DA:130,0
LF:23
LH:11
BRDA:18,0,0,0
BRDA:18,0,1,0
BRDA:18,1,0,0
BRDA:18,1,1,0
BRDA:18,1,2,0
BRDA:18,1,3,0
BRDA:18,1,4,0
BRDA:22,2,0,0
BRDA:22,2,1,0
BRF:9
BRH:0
end_of_record
